02ycq7PlrFcIQOwW/Td3T2LPxvtPW7qzwF92CWuKiv1VyjIoMoTxGFyNhJJo/WO99dc4sYqNDuQhgrl8TUeT37/32rJVkIViLo8dW4AFeqMo
vqfyLo9Zv+oviw2ZmlzIPWm6snsOqb9DlN+s8kn1ClUHXUcIgGUduYylyTfACJ1SGP2jmk0pCBwRXAUtCXRMYTiq38wMsHs32/JOHfJZeG0HUXPCySf3v52Hs03G1UskuRLxXLV3+18XB+LSHQAdIla/1fsYVVKjAA==
ZK88L7zoTdGGNhxUiFQ34Gm6snsOqb9DlN+s8kn1ClUHXUcIgGUduYylyTfACJ1SGP2jmk0pCBwRXAUtCXRMYTiq38wMsHs32/JOHfJZeG0HUXPCySf3v52Hs03G1UskuRLxXLV3+l8XB+LSHQAdIla/1fsYVVKjAA==
Zuy9P1z8EiaKgs0F/zz++N/4242Yog+Y1FQMv6lj2N23iAxpRuYQl1yK3HQIqlWQz9wBn276Kgzq1eHAH7cna6M7
Yjwy71BidV6DA0odE5VTipAnVndW43+fYmhmUrrMWyCS/R/6k3pFUlrSoZzJwlJmeDlDDaFF7kxfkAu1+Hq/8BR8fGcJGwj1t6DcEeY+YL+c4mysaJKF+Es0UKeOoprkqv0RmL9Pd0OjEw==
NXAsLXUAIjmGOWVoqMLDITfV4vL36NM2V8nVOpp5U2epHx8aHX/Ntemwg0BOVRSlRuRRb28l1JRBTSVcOzqu3ahyWBdPYmB6teI6BHXaVcwx70Wb6x7mwnlI0cLaN3GLXG1Ooxw=
RgQW54xaj0mTu3/YUWOeWPaEJ1eNrSoBhh6IHc/VDwesVF1eWt65kPkuSkoYFZvhkQm2gJ9cU/lIlmdcdNDki7mXkHk3LESdVtL4E/xOtEDY3t00i/gI675OQsjK0Ql0j0NvT6Mf
E7u81uURpr4YnE1Dsp1N1DHe5PvT78cgcdnVP5ldSWWkHx8aHX/Ntemwg0BOVRSlRuRRb28l1JRBTSVcOzqu3ahyWBdPYmB6teI6BHXaVcwx70Wb6x7mwnlI0cLaN3GLXG1Ooxw=
52qEyMUi1RUlia3GAmTLexd+YCxRRiViWuLBrAkSMvb4qeNdYbXOPF9gK8W4qh9glOycN0kr6MW3kDwhpm6ALxxyzHwo4qUIS0RwV07yOnQqbXFIf38Xc6Mj
IFFz3Wl9Xx1qNI/Tf2ZeagNa5PIeq3ADdE8tZlrmybgZBhoS2M3LiTHhBvgfpOOR6H63BDQINKPZv2BBNxS0tTb6KMu8FmSoeLZtzAuAuAMeJhIQColZXG9rH3ejJw==
tIs6q3vXtaKgt3paPPDvgnM1mRjFp93noeDaZE02kZyGhEg/f/eJC6qevwaHPwDEy7LEWmB9AfUsh/dWcHt+oPQd7CSQlgCcgeprYpxtNtwuZjqbTUJ3YRNxoyU=
8NRg4Vp9zmITfzJdi6AllDHe5PvT78cgcdnVP5ldSWW/Hx8aHX/Ntemwg0BOVRSlRuRRb28l1JRBTSVcOzqu3ahyWBdPYmB6teI6BHXaVcwx70Wb6x7mwnlI0cLaN3GLXG1Ooxw=
tYEedmd23H23HjUKbBMnPmm6snsOqb9DlN+s8kn1ClUHXUcIgGUduYylyTfACJ1SGP2jmk0pCBwRXAUtCXRMYTiq38wMsHs32/JOHfJZeG0HUXPCySf3v52Hs03G1UskuRLxXLV3+VsXBuLSHQAdIla/1fsYVVKjAA==
Fc4/Xvby63xvwEr30mwpHxABfa3dgKOGIK9KZleW2gtyENF3cTqp9w21fJ0Y1Aduz6QLC0m+KXFfKiN8I9Low+sDpilsoz4=
R4p8ynH6nce/w5pMyfxsCZwFinpShUtEvq4hDSOE/4nRUkElUpK3nMVBh6C58gJnOILtBiBPQPjTQ6t6c0OPXc7Z4sQ9ir1sqX/THnOFfSLRGBkCkkdZa2QddqMk
4n3aY0RCT9ix3ESVSuhMd+t/NMAPI4yNkm2Qz+2dheJm+TW80JiFfIRwC7/5FPipOCEFGhdAOx8d3//I3qXIohCVfCbhQpjYEvCEiMLf2Jibk0N6GxNUslJTmoTleoUM4c87ntv1NQIpKEFCKtfByyxNXqMM
PX6g5pEt3wKLqOzCr+1ftlMnhLkPYUc1g4X7Q60BmWKsCxCDxctEBg2cmgJBjzYHBZ1stPAmwOyh9G5ytx72bE72ugut8jeRM2GjNQ==
yDuAibb0A68RQxTOhX7+bREBfa3dgKOGIK9KZleW2gtyENF3cTqp9w21fJ0Y1Aduz6QLC0K5KXBfKiN8I9Low+sDpilsoz4=
btuxfFG+RvxLvIKCeelRvFMnhLkPYUc1g4X7Q60BmGKsCxCDxctEBg2cmgJBjzYHBZ1stPAmwOyh/2lyth72bE72ugut8jeRM2GjNQ==
g3tXFHTZdhS3Huu/0T461g+ewy7QctQXm2e4PG6j4S089FFSWkiV6tFhsyP8LnSgWH4dUYgYQkg+LgIoyvHJ1A+jL2+jPw==
0OeO4CFNX2ZG+68bGijd5009y4BfsXEuGi5DFjGezuFAVXmBjHjJ3trEDXVuyTHPnMIsDOgyxR1IVJoEDgJaxKod0fg/rzdjozM=
lr6wJt8KsJLieCwoRRWgIA6ewy7QctQXm2e4PG6j4S089FFSWkiV6tFhsyP8LnSgWH4dVYgYQkg+LgIoyvHJ1A+jL2+jPw==
/aD7oKrfYP4If60Ps2CndU09y4BfsXEuGi5DFjGfzuFAVXmBjHjJ3trEDXVuyTHPnMIsDOgyxRlIVJoEDgJaxKod0fg/rzdjozM=
v9ctBAkgPvPVhfOLiSj+4A2ewy7QctQXm2e4PG6j4S089FFSWkiV6tFhsyP8LnSgWH4dUI8YQkg+LgIoyvHJ1A+jL2+jPw==
5HOSCHEFnkHdNDBefXuPvE09y4BfsXEuGi5DFjGczuFAVXmBjHjJ3trEDXVuyTHPnMIsDOgyxRxPVJoEDgJaxKod0fg/rzdjozM=
JVjFxc/kDUCP16581X3/hQyewy7QctQXm2e4PG6j4S089FFSWkiV6tFhsyP8LnSgWH4dUYkYRUg+LgIoyvHJ1A+jL2+jPw==
9dR4YLAGRjAb37WI8JqY2009y4BfsXEuGi5DFjGdzuFAVXmBjHjJ3trEDXVuyTHPnMIsDOgyxR1JVJ0EDgJaxKod0fg/rzdjozM=
57pASqMtJKI3BJwP9/2kTQuewy7QctQXm2e4PG6j4S089FFSWkiV6tFhsyP8LnSgWH4dVIkYRUg+LgIoyvHJ1A+jL2+jPw==
WCcGl0Fdx5+VJO0qnBUvoU09y4BfsXEuGi5DFjGazuFAVXmBjHjJ3trEDXVuyTHPnMIsDOgyxRhJVJ0EDgJaxKod0fg/rzdjozM=
aiW8njzlXzOztFeod3p55gqewy7QctQXm2e4PG6j4S089FFSWkiV6tFhsyP8LnSgWH4dW4kYRUg+LgIoyvHJ1A+jL2+jPw==
Ise9aVX7XtCWXdWsuws6X009y4BfsXEuGi5DFjGbzuFAVXmBjHjJ3trEDXVuyTHPnMIsDOgyxRdJVJ0EDgJaxKod0fg/rzdjozM=
0KoWvjJxyTewF4tT1aQY6gmewy7QctQXm2e4PG6j4S089FFSWkiV6tFhsyP8LnSgWH4dV4gYRUg+LgIoyvHJ1A+jL2+jPw==
BwcfoMVElTFGnyytDd1CME09y4BfsXEuGi5DFjGYzuFAVXmBjHjJ3trEDXVuyTHPnMIsDOgyxRtIVJ0EDgJaxKod0fg/rzdjozM=
OszlcZSCwe3aM23TH04i3Aiewy7QctQXm2e4PG6j4S089FFSWkiV6tFhsyP8LnSgWH4dWo8YRUg+LgIoyvHJ1A+jL2+jPw==
paB6Y71ktGcbH9vKCi3cUU09y4BfsXEuGi5DFjGZzuFAVXmBjHjJ3trEDXVuyTHPnMIsDOgyxRZPVJ0EDgJaxKod0fg/rzdjozM=
/jEy2yS2duPXqdFKKBkEpWqMl70TDMehhwM3CWuky+B1ymZ3PIrxJlyHhIh32yf6/9srrYqRHuQhgrl8TUee2b/62bJVkIViLo8dW4AFeqMo
JagfGOdh39iYyvqfzq8qX94Fn2FBsyINu6A6HBvGrJfARUcMUtCgjtxjwpztu0k8L4rBSDpPQPjTQ6t6c0OcUsrD4sQ9ir1sqX/SGXOCfSLRGBkCkkdZa2QddqMk
zsPLN/xY73aNgbcWBQwMLmIH8g1FyYzI4baYpgSi8OctV/SylRAahskxqJvq4MwQWPqwGPk0rjZ4YiY4dtra78XuB6UrbaMx
T9qa7AnodktWqvHnVxW5WCkfg7V99BhiED4MWyvL4NAOT3mBjHjJ3trEDWZhzSvPnMIsDOgyxRZOVJwEDgJaxKod0fg/rzdjozM=
h1txisIldDffrOwNfmkpq23JlUViWNG4ijUMB8odVLff4q52x3S4GgBtqelsUPnG2tw9XY6h4ffcOnykSFo1js7M7Oyuqoq8aiWBEF+HB3ujKw==
MQniGUy+Z2PxbguzEvhkHAeewy7QctQXm2e4PG6j4S089FFSWkiV6tFhsyP8LnSgWH4dUIgYR0g+LgIoyvHJ1A+jL2+jPw==
3JeIotHPEoNOef9t1gMrcE09y4BfsXEuGi5DFjGWzuFAVXmBjHjJ3trEDXVuyTHPnMIsDOgyxRxIVJ8EDgJaxKod0fg/rzdjozM=
5lKYK3eqhndClnJVhbItygaewy7QctQXm2e4PG6j4S089FFSWkiV6tFhsyP8LnSgWH4dVogYR0g+LgIoyvHJ1A+jL2+jPw==
fVKvDQENqXnA2XpN/qz5oE09y4BfsXEuGi5DFjGXzuFAVXmBjHjJ3trEDXVuyTHPnMIsDOgyxRpIVJ8EDgJaxKod0fg/rzdjozM=
/+z6aTCrSbCMV50M5FhTcRBSS7XdgKOGIK9KZleW2gtyENF3cTqp9w21fJ0Y1Aduz6QLC0e4KXVfKiN8I9Low+sDpilsoz4=
ZZuFPqr9ytQvW6vfM4RZDnoBue9EE+bxVMt0c3R1aqA6eHyj5mAl7/26JW9qSuwvpHTbBjv037MLeGWNC/oXVP+yFKv/M5IxYKMy
VYbXS+DrK2FDWbrO0jgTnhFSS7XdgKOGIK9KZleW2gtyENF3cTqp9w21fJ0Y1Aduz6QLC0m/KXVfKiN8I9Low+sDpilsoz4=
MjdF31H6ATEdQJ2hwDBvJnoBue9EE+bxVMt0c3R0aqA6eHyj5mAl7/26JW9qSuwvpHTbBjv037MFf2WNC/oXVP+yFKv/M5IxYKMy
fL3OLCLMcDzfEfFKyMdYqRJSS7XdgKOGIK9KZleW2gtyENF3cTqp9w21fJ0Y1Aduz6QLC0i/KXVfKiN8I9Low+sDpilsoz4=
DpoRvx6mqe3lJBjIetbhE3oBue9EE+bxVMt0c3R3aqA6eHyj5mAl7/26JW9qSuwvpHTbBjv037MEf2WNC/oXVP+yFKv/M5IxYKMy
gRUyOJzwLMeVJ12T4Q9ntRNSS7XdgKOGIK9KZleW2gtyENF3cTqp9w21fJ0Y1Aduz6QLC0O+KXVfKiN8I9Low+sDpilsoz4=
Ok1570cfJ9Vw5EChD350IHoBue9EE+bxVMt0c3R2aqA6eHyj5mAl7/26JW9qSuwvpHTbBjv037MPfmWNC/oXVP+yFKv/M5IxYKMy
gIwNM35xqE0QREfyYzDNQGbl31vYpPwHbWZJcYxNMVlafNfDsaZwIW5849UMrJP7VH4FbM9n1Iu8om1FNOrSv5n9vOg1cIFk0SLpvH0ngN6v2ijyBXA14r4vbZtQZUqjGA==
hjnSuXV/0VnXAHv4iJuZSHWAsKSysZInYd7TNoRkYnCbUDZZXnTb062+lAEKRB/lQORXOxA2yZxzH3RrGDrx1bhiVj8ddTB4qeglBHXaVcwx70ab6xHkwnlI0cLaN3GLXG1Ooxw=
ZbC4H9TGhClNeEIzVOHztnWAsKSysZMnYd7TNoRkYnCbUDZZXnTb062+lAEKRB/lQORXOxA2yZxzH3VrGDrx1bhiVj8ddTB4qeglBHXaVcwx70ea6xHkwnlI0cLaN3GLXG1Ooxw=
ZzjaqJW5aWV0QpKY+PHeX3WAsKSysZAnYd7TNoRkYnCbUDZZXnTb062+lAEKRB/lQORXOxA2yZxzH3FrGDrx1bhiVj8ddTB4qeglBHXaVcwx70OZ6xHkwnlI0cLaN3GLXG1Ooxw=
LJ0vt1GvJ4tj5PiAfLx2CXWAsKSysZEnYd7TNoRkYnCbUDZZXnTb062+lAEKRB/lQORXOxA2yZxzH3ZrGDrx1bhiVj8ddTB4qeglBHXaVcwx70SZ6xHkwnlI0cLaN3GLXG1Ooxw=
He4j+ADlYXztK47UDJNrJnWAsKSysZYnYd7TNoRkYnCbUDZZXnTb062+lAEKRB/lQORXOxA2yZxzH3drGDrx1bhiVj8ddTB4qeglBHXaVcwx70KY6xHkwnlI0cLaN3GLXG1Ooxw=
AwtqffgrleN7xryS/nfWU3WAsKSysZcnYd7TNoRkYnCbUDZZXnTb062+lAEKRB/lQORXOxA2yZxzH3JrGDrx1bhiVj8ddTB4qeglBHXaVcwx70SY6xHkwnlI0cLaN3GLXG1Ooxw=
PGElyaQI6H8KDKlxVsJ7F2bl31vYpPIHbWZJcYxNMVlafNfDsaZwIW5849UMrJP7VH4FbM9n14u8om1FNOrSv5n9vOg1cIFk0SLpvH0nhN+v2SjyBXA14r4vbZtQZUqjGA==
zOwSv/KVtIhPvTEwQa1UidPMwr7RZH2ou8sk5jis2MeDWRUUzUsJMUJhzovJjZmvdD1GL4PNAG7fmj7fBOHK7YdSRSUs+tq/ke2kCB0AuaQJcoEchZcKXicpkJKtoO2ixh+Fu0h1QqMQ
WR6G2kUWCaaNpko12xmNeXWAsKSysZMnYd7TNoRkYnCbUDZZX3Tb062+lAEKRB/lQORXOxA2yZxzH3xrGDrx1bhiVj8ddTB4qeglBHXaVcwx70Gb6xDkwnlI0cLaN3GLXG1Ooxw=
gP4s3sKZFqZLlb8ukB8wn3WAsKSysZAnYd7TNoRkYnCbUDZZX3Tb062+lAEKRB/lQORXOxA2yZxzH31rGDrx1bhiVj8ddTB4qeglBHXaVcwx70Ka6xDkwnlI0cLaN3GLXG1Ooxw=
Ow6SxwENgBPw3HI0xQc1KrLacwjs7Xgbih2IHfPTKxazVjURCM+lu/clXwlJFZvhzRi7mvoSR/ZnwiUMQ/Pk1LGHgHcfflPNVM7yDPxOtEDY3t01ivgG6b5OQsjK0Ql0j0NvT6Mf
MM+zxwEnCROIgZsnI6VM/rLacwjs7X8bih2IHfPTKxazVjURCM+lu/clXwlJFZvhzRi7mvoSR/ZnwiQMQ/Pk1LGHgHcfflPNVM7yDPxOtEDY3t0xifgG6b5OQsjK0Ql0j0NvT6Mf
bkPVb0+7GBuKWWl3PvYFpry1soOfC+Xo3q00E7hXPhUIy62v5zF3bWnxs7WdzHPeulaPIjeWj+jjl0xAIRMI85/621nEWlpoXKocFIgKFX7PvM497hpqLOq1IWCfV2dLoxs=
bZIgtTVqYBLwOC0PLoU3+ry1soOfC+vo3q00E7hXPhUIy62v5zF3bWnxs7WdzHPeulaPIjeWjujjl0xAIRMI85/621nEWlpoXKocFIgKFXXLvME97hpqLOq1IWCfV2dLoxs=
8V02mNmZPK5icv4XoQls6k7Q68pOc/llkz1Yt4cUPQVwVSPJ3Mb+JV2/1IqFGBqe+QjJb7c5DEiokhCgabkorsXLxkCmkpo3tQYnnTtloyk=
KaNIN6zLvG0QEuMGFy+UCbLacwjs7X8bih2IHfPTKxazVjURCM+lu/clXwlJFZvhzRi7mvoSR/ZnwiQMQ/Pk1LGHgHMWaVTNVM7yDPxOtEDY3t0zjvgJ6b5OQsjK0Ql0j0NvT6Mf
QA/X/6k8LWLGowQWoZqQ37Lacwjs7X8bih2IHfPTKxazVjURCM+lu/clXwlJFZvhzRi7mvoSR/ZnwiQMQ/Pk1LGHgHcfflPNVM7yDPxOtEDY3t02jvgJ6b5OQsjK0Ql0j0NvT6Mf
XLfQ9Ed/YDX6CWeXLSmv9BCokEVmSs28adcHS8ANG+udp5Qzi2OwKE53qelsUPnG2tw9ToGl+/fcOnykSFo1hcrM4O2uqoq8aiWBEF+HB3ujKw==
sy3G36/Lz+ZCkn8zoSBwUwmewy7QctQXm2e4PG6j4S089FFSWkiV6tFhsyP8LnSgWH4dVIoYQE4+LgIoyvHJ1A+jL2+jPw==
L+JlP6TF4qZ3DJELINhK4S5Gge05eUdgm8Cpb5ABk2W0Il6ZxctEBg2cmgJBnDkDH51stPAmwOyh+mpytBj2bE72ugut8jeRM2GjNQ==
d0jMh0fCMRnMrzCX15UyAyERlaJSYFjHH1W4ot2bw7UbTGzIqu8QOOMju3pjo6wSGmNyRI3qTSz5n+0ag6Yr4mG46YICpwkrlD1mozQ=
BvD1XEMNHG2gVqMRY5QaGAiewy7QctQXm2e4PG6j4S089FFSWkiV6tFhsyP8LnSgWH4dVIoYQE4+LgIoyvHJ1A+jL2+jPw==
tR81s/ALMtXRKVN3z8C8LC5Ggew5eUdgm8Cob5ABk2W0Il6ZxctEBg2cmgJBnDkDH51stPAmwOyh+mpytBj2bE72ugut8jeRM2GjNQ==
s2Jb4xf1xTMtgTFkGWMt4yERlaJSYFjHH1W4ot2bw7UaTGzIqu8QOOMju3pjo6wSGmNyRI3qTSz5n+0ag6Yr4mG46YICpwkrlD1mozQ=
x2aHM+IGPEht6+AUKnHJXQuewy7QctQXm2e4PG6j4S089FFSWkiV6tFhsyP8LnSgWH4dVIoYQE4+LgIoyvHJ1A+jL2+jPw==
iGv+ucX1T+xmfCm2XAUEHS5Gge85eUdgm8Crb5ABk2W0Il6ZxctEBg2cmgJBnDkDH51stPAmwOyh+mpytBj2bE72ugut8jeRM2GjNQ==
d1CRMx2eaJ9dbjJa7ijeKCERlaJSYFjHH1W4ot2bw7UZTGzIqu8QOOMju3pjo6wSGmNyRI3qTSz5n+0ag6Yr4mG46YICpwkrlD1mozQ=
Ya133FouvWdxGF0SoZIzYQqewy7QctQXm2e4PG6j4S089FFSWkiV6tFhsyP8LnSgWH4dVIoYQE4+LgIoyvHJ1A+jL2+jPw==
kvAzh+ccO2Of8KDcg4Y4MC5Gge45eUdgm8Cqb5ABk2W0Il6ZxctEBg2cmgJBnDkDH51stPAmwOyh+mpytBj2bE72ugut8jeRM2GjNQ==
h0EnCV3qCBUmsV/h6MGnfCERlaJSYFjHH1W4ot2bw7UYTGzIqu8QOOMju3pjo6wSGmNyRI3qTSz5n+wag6Yr4mG46YICpwkrlD1mozQ=
gEPnyTcPJD2YI6s7tqrCaQyewy7QctQXm2e4PG6j4S089FFSWkiV6tFhsyP8LnSgWH4dVYoYQE4+LgIoyvHJ1A+jL2+jPw==
meX10VIL2lBQRiEeBFQFNC5Ggeg5eUdgm8Csb5ABk2W0Il6ZxctEBg2cmgJBnDkDH51stPAmwOyh+2pytBj2bE72ugut8jeRM2GjNQ==
/BkBT+qaCPJayuujSiBkjSERlaJSYFjHH1W4ot2bw7UeTGzIqu8QOOMju3pjo6wSGmNyRI3qTSz5n+wag6Yr4mG46YICpwkrlD1mozQ=
vJttLm9Ms8S1U3Jbxli4Bw2ewy7QctQXm2e4PG6j4S089FFSWkiV6tFhsyP8LnSgWH4dVYoYQE4+LgIoyvHJ1A+jL2+jPw==
evPDKeGdBE5zs4dfV8YxWy5Ggek5eUdgm8Ctb5ABk2W0Il6ZxctEBg2cmgJBnDkDH51stPAmwOyh+2pytBj2bE72ugut8jeRM2GjNQ==
8stLxmfSNWjnR1N6Zi5GciERlaJSYFjHH1W4ot2bw7UfTGzIqu8QOOMju3pjo6wSGmNyRI3qTSz5n+wag6Yr4mG46YICpwkrlD1mozQ=
je1DbzAmfDiAyL3s/li8ig+ewy7QctQXm2e4PG6j4S089FFSWkiV6tFhsyP8LnSgWH4dVYoYQE4+LgIoyvHJ1A+jL2+jPw==
QE3MR/wVd/A727majuM+yS5Gges5eUdgm8Cvb5ABk2W0Il6ZxctEBg2cmgJBnDkDH51stPAmwOyh+2pytBj2bE72ugut8jeRM2GjNQ==
hmaHrBJYMpJuds0+DNrogCERlaJSYFjHH1W4ot2bw7UdTGzIqu8QOOMju3pjo6wSGmNyRI3qTSz5n+wag6Yr4mG46YICpwkrlD1mozQ=
X+BW6Q7Wi7Iucdbs0I/ySQ6ewy7QctQXm2e4PG6j4S089FFSWkiV6tFhsyP8LnSgWH4dVYoYQE4+LgIoyvHJ1A+jL2+jPw==
4hmvSGqNWYB5jtb9Le7Lwy5Ggeo5eUdgm8Cub5ABk2W0Il6ZxctEBg2cmgJBnDkDH51stPAmwOyh+2pytBj2bE72ugut8jeRM2GjNQ==
0eqjWKJ9cqFor8L4G2cpjyERlaJSYFjHH1W4ot2bw7UcTGzIqu8QOOMju3pjo6wSGmNyRI3qTSz5n+wag6Yr4mG46YICpwkrlD1mozQ=
RPHcbHso0iXN1E2LB2SnnnUWzbUbCdfN3sDwWOABk2W0Il6ZxctEBg2cmgJBnDkDH51stPAmwOyh+2pytBj2bE72ugut8jeRM2GjNQ==
umVovsWY7efvxgx8NmERNquZoPP259dyDPltvf9kfU+AxLPFdpxvOpktg2GsHj5tjYe0YrUAGpbp8OlHR2FMgPgq8MjZJ6omXLRm6NZKWn9lPkd1C32jIQ==
pxddhyDzFg/qdo/z8b02FMvXlH1B9b+qW0oN7KfRLqZ3Cn7QHtjpaKsq0Nv1EyQePYSaGnGXVt81xazsQP6gdBFj6uoEgJa0/q56U50qV4kDeaMt
rNQAhN1uybob4h7hqyqyLRYEv+8aUqDz+NWFqWKL9/6fmst778VMzbaxWdQO6kmYYid8weHX3F0eTEcYWl9gLVMiPox3te7wmgxdimDvklwIPjkR5CVfoK/XbKiGTkygOMpwqJkJrwYc1OYIFmpaX6XexxVLXaMB
I3TipS/zBFIVTRqczZwrA3Tv7ipaqOdCg5Gq9gHYHW46fmIhqG8d9d+t1CKEFowT0Fqy1EN9TEEGSwQZTDEYBAKR/PpR8AQvm7taA/BXuMp1MhXl/BrKv4GN9EjN4CkkuRLxXLV3+FsXDefSHQAdIla/1fsYVVKjAA==
NDhAK8O0IjsHC6q8eR529vDJ7O/2ownRHmnA+P8iOEeAxLPFdpxvOpktg2GsHj5tjYe0YrUAGpbp8OlHR2FMgPgq8MjZKKkmX7Rm6NZKWn9lPkd1C32jIQ==
G1By5p4uPJRDSfasEILQ3hoOpe9EE7PpEZtYTnR/Po4LNmaj5mAl7/26JW95Reg1pHTbBjv037MEf2WJDfoXVP+yFKv/M5IxYKMy
pPaz8CcijgLYEUflhOeANh8Ope9EE7PpEZ9YTnR/Po4LNmaj5mAl7/26JW95Reg1pHTbBjv037MIeWWIDfoXVP+yFKv/M5IxYKMy
JQ8Wk+5Va5e8301kecj2hUAeiaJSYA3fWgWI/r7i0qdIYl2GsO8QOOMju3pjo78dHnlyRI3qTSz5n+8Yg6Qr4mG46YICpwkrlD1mozQ=
IAS2Ctox/zqiUq7fQH4YiisypZMv/j9iTgl8WyvL4NAOT3mBjHjJ3trEDWZhzSvPnMIsDOgyxR9PVJoCDgJaxKod0fg/rzdjozM=
1F0luah+qVoiYhToiwR5Yy8ypZMv/j9iSgl8WyvL4NAOT3mBjHjJ3trEDWZhzSvPnMIsDOgyxRlPVJoCDgJaxKod0fg/rzdjozM=
K1LxR4Ly6eO5+uSCfbjNEyoypZMv/j9iTQl8WyvL4NAOT3mBjHjJ3trEDWZhzSvPnMIsDOgyxRpOVJoCDgJaxKod0fg/rzdjozM=
F2BbKOtqrN9Al16MiBnj0S0ypZMv/j9iTAl8WyvL4NAOT3mBjHjJ3trEDWZhzSvPnMIsDOgyxR9LVJ0CDgJaxKod0fg/rzdjozM=
VGuXR/WJhF47KKS3qIgQbC4ypZMv/j9iSQl8WyvL4NAOT3mBjHjJ3trEDWZhzSvPnMIsDOgyxRtLVJ0CDgJaxKod0fg/rzdjozM=
ro3vAIgA15LzAJZYwa1QJRYOpe9EE7PpEZhYTnR/Po4LNmaj5mAl7/26JW95Reg1pHTbBjv037MPemWPDfoXVP+yFKv/M5IxYKMy
JBkOTb5leQ7XVQsYgMeLOzAomJgqCQh7z9fAb5ABk2W0Il6ZxctEBg2cmgJBnDkDH51stPAmwOyh+WpysRj2bE72ugut8jeRM2GjNQ==
ty6jXByWZDvA8aK3l4KK6jMomJgqCQh7z9TAb5ABk2W0Il6ZxctEBg2cmgJBnDkDH51stPAmwOyh9GpysRj2bE72ugut8jeRM2GjNQ==
yFd4qQoPSPTjOTblwYPvgDQomJgqCQh7z9PAb5ABk2W0Il6ZxctEBg2cmgJBnDkDH51stPAmwOyh/WlysRj2bE72ugut8jeRM2GjNQ==
pNxFl1RHpobJmOyY0zPg0DUomJgqCQh7z9LAb5ABk2W0Il6ZxctEBg2cmgJBnDkDH51stPAmwOyh+WlysRj2bE72ugut8jeRM2GjNQ==
cDEvaZVjbfTs4B8yhUZHgEp6IHCJwnnYyhLOpIQfjxicQgTsu93iw5/ZUEjxAwx5bmEAidrBGbVl6g8t1YMbFRUbNiYf7dY+nPbELl7AR3SLdPtG23S/c+h5RU+tereUn7L065+zMnFAoxI=
vFe6s6bR4qoWz/250WwYF0p6IHCJwnvYyhLOpIQfjxicQgTs/+PF/d6WlKryVwZjPDQcmPHHD7xXjwk/0KtaA/qaVyYf7dY+mP/TKV7AR3SLdPtG23S/c+V5RU+tereUn7L065+zMnFAoxI=
uQusjix/sYAS/ZiVPPuSLzEomJgqCQh7z9bAb5ABk2W0Il6ZxctEBg2cmgJBnDkDH51stPAmwOyh/mhysRj2bE72ugut8jeRM2GjNQ==
ZylKwEuIZ3gH3egKCCegRB+tJjujyIMAYSW14JERV1Cwkwqgu51ClRBvOobnFkprotCBl2E6uZfd9Sx9iFS3Dj/kO+syvhlXqWqT3FNSeGM7Q3YJfKMu
9w13J31fxBBWoyw4RBHq5RcOpe9EE7PpEZdYTnR/Po4LNmaj5mAl7/26JW95Reg1pHTbBjv037MIemWODfoXVP+yFKv/M5IxYKMy
SJcd9ZEwxAJAvLZmm07WpjdG9uo5eUdgm8Cmb5ABk2W0Il6ZxctEBg2cmgJBnDkDH51stPAmwOyh/GhysBj2bE72ugut8jeRM2GjNQ==
Yq+DleAFwSzQg5ituQxedkRw59BBEELEDhHn/r7i0qdIYl2GsO8QOOMju3pjo78dHnlyRI3qTSz5n+sfg6Ir4mG46YICpwkrlD1mozQ=
BYOTV/znnI8v+hfLy+SYS0dw59BBEELEDhHm/r7i0qdIYl2GsO8QOOMju3pjo78dHnlyRI3qTSz5n+Mfg6Ir4mG46YICpwkrlD1mozQ=
3ogFq1AIsZC9W1H834Z6rUZw59BBEELEDhHl/r7i0qdIYl2GsO8QOOMju3pjo78dHnlyRI3qTSz5n+0eg6Ir4mG46YICpwkrlD1mozQ=
yOaffBPjWigXwEr3PRKX2kFw59BBEELEDhHk/r7i0qdIYl2GsO8QOOMju3pjo78dHnlyRI3qTSz5n+gbg6Er4mG46YICpwkrlD1mozQ=
cB8R+7acXst42DNnQnew60JtqYJpaWHD/4wyrgvNNO/7vwh0rusRdRzMQVpaQIXS8TlDazxmxHg4ho3fCJDXNt52suCKObkML5s/Z6M3
faiIjwWJd5Qyo2NcpIWcOUZtqYJpaWHD/4wyrg/NNO/7vwh0rusRdRzMQVpaQIXS8TlDazxmxHg4ho3fD5DXNt52suCKObkML5s/Z6M3
haVic02KuUQpuPf5SFBFL0VtqYJpaWHD/4wyrg7NNO/7vwh0rusRdRzMQVpaQIXS8TlDazxmxHg4ho3ZDpDXNt52suCKObkML5s/Z6M3
MRRvvxTVHodaKfF3lFs0E0FtqYJpaWHD/4wyrgrNNO/7vwh0rusRdRzMQVpaQIXS8TlDazxmxHg4ho3aC5DWNt52suCKObkML5s/Z6M3
+FM7FHxy6usGfZGFTgDhyERtqYJpaWHD/4wyrg3NNO/7vwh0rusRdRzMQVpaQIXS8TlDazxmxHg4ho3TC5DWNt52suCKObkML5s/Z6M3
PeGlXO3Y7UdZ/hssm/2rN0NtqYJpaWHD/4wyrgzNNO/7vwh0rusRdRzMQVpaQIXS8TlDazxmxHg4ho3SCpDWNt52suCKObkML5s/Z6M3
RUrODXeqLSINSrELkeJ6DkBtqYJpaWHD/4wyrgnNNO/7vwh0rusRdRzMQVpaQIXS8TlDazxmxHg4ho3fCJDWNt52suCKObkML5s/Z6M3
futkrazxlkE7ScItCuY2I09tqYJpaWHD/4wyrgjNNO/7vwh0rusRdRzMQVpaQIXS8TlDazxmxHg4ho3dD5DWNt52suCKObkML5s/Z6M3
QWjx6PmSq3ZTxNmsp24U5BQp0erlKbNgzVqOF+Q6ueYUV7yon6s/+ucrQ42ywdak6TLhnCXXKFpHZ3cSDWDNoubf5TuoNWKjMA==
881IEO/4IrBUYwH2kqhnVBCokAU2cZKeiTVZH49LCoXOkYwzi2OwKE53qelsUPnG2tw9ToGl+/fcOnykSFo1gcrM4equqoq8aiWBEF+HB3ujKw==
n1z9uDrM3m9b/QeGlfc61Gjhoud/c3PLx3lYrocNblgKREad8vewP12/1IqFGBqe+RvGa605DEiokhCgab8qrsXMxkCmkpo3tQYnnTtloyk=
y7/jksdVkQ5pcoY5T8srPxIp0erlKbNgzVqOF+Q6ueYUV7yon6s/+ucrQ42ywdak6TLhnCXXKFpHZ3cSDWDNoubf5TuoNWKjMA==
Us3AXjMboosQoYDWwjWFixCokAM2cZKeiTVZH49NCoXOkYwzi2OwKE53qelsUPnG2tw9ToGl+/fcOnykSFo1gcrM4equqoq8aiWBEF+HB3ujKw==
726Y3wA6VcEdjtFbPDBXTmjhoud/c3PLx3lYrocNblgMREad8vewP12/1IqFGBqe+RvGa605DEiokhCgab8qrsXMxkCmkpo3tQYnnTtloyk=
RWEVUImTt1n953PoxWXKW2sqpjhnjLCcqP3DsQyOvv0tV/SylRAahskgqZfn8cwQWPqwGPk3qjZ1ZCY4dtra78XuB6UrbaMx
RVs6huS8lYaWqTwh7otupxWAp51wYgr3gnJD4557bjNoVSPJ3Mb+JV2/1IqFGBqe+QjJb7c5DEiokhCgab8qrsXMxkCmkpo3tQYnnTtloyk=
AxcVMRqC8gY/UcwSGEEI7zjj0pZaUUq4rWf/OFVGbn6harYYnpgYO1rwqWd5OqHn5tpQt0AUf75nBJN7zjqhy8HKS6ybkjCzAyOeOWSjNg==
vRTFhaj0lLVkAkh5y2AVTxYp0erlKbNgzVqOF+Q6ueYUV7yon6s/+ucrQ42ywdak6TLhnCXXKFpHZ3cSDWDNoubf5TuoNWKjMA==
LnxPBhQhLZdyXujl/aLU+xCokAc2cZKeiTVZH49JCoXOkYwzi2OwKE53qelsUPnG2tw9ToGl+/fcOnykSFo1gcrM4equqoq8aiWBEF+HB3ujKw==
f1UTeGqtG/OGHy7sZRbI0Gjhoud/c3PLx3lYrocNblgIREad8vewP12/1IqFGBqe+RvGa605DEiokhCgab8qrsXMxkCmkpo3tQYnnTtloyk=
ZxtCGXjxsxZA4SJUxsjMqxcp0erlKbNgzVqOF+Q6ueYUV7yon6s/+ucrQ42ywdak6TLhnCXXKFpHZ3cSDWDNoubf5TuoNWKjMA==
5qBX4Uew5TXimHK8PA1dohCokAY2cZKeiTVZH49ICoXOkYwzi2OwKE53qelsUPnG2tw9ToGl+/fcOnykSFo1gcrM4equqoq8aiWBEF+HB3ujKw==
PdGamvFFY89k+wyK0fTBJWjhoud/c3PLx3lYrocNblgJREad8vewP12/1IqFGBqe+RvGa605DEiokhCgab8qrsXMxkCmkpo3tQYnnTtloyk=
KGm/p3HWBkLRiwOgokC7lBUp0erlKbNgzVqOF+Q6ueYUV7yon6s/+ucrQ42ywdak6TLhnCXXKFpHZ3cSDWDNoubf5TuoNWKjMA==
7EQHWQA7FNPM9Bw7BpDbBhCokAQ2cZKeiTVZH49KCoXOkYwzi2OwKE53qelsUPnG2tw9ToGl+/fcOnykSFo1gcrM4equqoq8aiWBEF+HB3ujKw==
Zet9UJKMCnqya1Un2pConGjhoud/c3PLx3lYrocNblgLREad8vewP12/1IqFGBqe+RvGa605DEiokhCgab8qrsXMxkCmkpo3tQYnnTtloyk=
6CANri7hKAp+mpR4XKHXY07Q68pOYhbVx2tFpvQEMAQYVSPJ3Mb+JV2/1IqFGBqe+QjJb7c5DEiokhCgab8qrsXMxkCmkpo3tQYnnTtloyk=
dJRNP5eiGWl7sq2Wsj/vu04s//9fVqUQg5/a/PH53Hh8Djv0/aKteSN8KEHiQi0lC4XjuXxWfpW975R6pQgarpnYCR8XqYz4SMJQUEmvKp6lHAYwBgIah1VWZ20bdaMZ
T2xjPs7o3CAFzCAT0zAOmMvz/x78iiQondnqBnUHXMD++DVkNhJok2CeNEzhc/kmqfjMAxYgFQ/tujUPWoqcjxT0S6ZrNI+T+npVY106xzRvMmRLT3NiEXCjIg==
tI1gDA9j+rw+IhcBqNde0V4Ds7NYLWDWb2cyplD6RO/7vwh0rusRdRzMQVpaQIXS8TlDazxmxHg4ho3dCpDZNt52suCKObkML5s/Z6M3
rV6n7Ce/nlLHlmf/mztSCD9nw0Sb/Mr06+HYp+Zkn5eTxwB6MuvGG6GRL/7RcVPV1LLeCSV7BPYtjJoSYWx5s/8N7CSQlgCcgetqYp1oNtwuZjqbTUJ3YRNxoyU=
eEiuPOJrasDKTHabx/d7AFRXPmNM1ZD5e38v1pTRd25XJMI2zXdwCQACd5ygCUFd/KRxQlpYtakeFQmTfN4UEJgu/UWKCCmefp7iWEpBaSRPcw9/oy8=
F6N/05QyJlqaV3qWE7XsR0BTpNPFdhi09hjW3uqvlmzjqOCPkOk7/v4YIkAcm1g+X8yGDA8I0+OcnJjetZf6j5+2jcvE2p0VyJ5jDIXhBeJqGqeGr62mXoj/w8muAPfU+/Rr5gu0b1PUfjUj/bpndA8yRIvv8wJRUKMC
rxMd4yGiblY73o5PVU4NNj9kwx/LsNb0P02LN0shn9HWzwB6MuvGG6GRL/7RcVPV1LLeCSV7BPYtjJoSYWx5s/8N7CSQlgCcgeppYpxoNtwuZjqbTUJ3YRNxoyU=
Bv6qB6QlROPwVCOVJLcFuxV8s+NfAJQD17ba/NSr1l98SH78/aKteSN8KEHiQi0lC4XjuXxWfpW975R6pQgarpnYCR8XqYz4SMJQUEmvL56kHAYwBgIah1VWZ20bdaMZ
xZWmgvs2qtCtNC8MfBIMfQ2o5wVEfoOyrTUfWodNCoXOkYwzi2OwKE53qelsUPnG2tw9ToGl+/fcOnykSFo1hsrM6euuqoq8aiWBEF+HB3ujKw==
wnDWcouuO5yB/J3x77CUMQqo5wVEfoOyrTUfWodKCoXOkYwzi2OwKE53qelsUPnG2tw9ToGl+/fcOnykSFo1h8nM6euuqoq8aiWBEF+HB3ujKw==
k7MmFU3/fCdTkoq6O75mAAuo5wVEfoOyrTUfWodLCoXOkYwzi2OwKE53qelsUPnG2tw9ToGl+/fcOnykSFo1jsnM6euuqoq8aiWBEF+HB3ujKw==
ySLwVUk1qYk4rUu6pW9DBAio5wVEfoOyrTUfWodICoXOkYwzi2OwKE53qelsUPnG2tw9ToGl+/fcOnykSFo1gMjM6euuqoq8aiWBEF+HB3ujKw==
bRRffuNI/F4RD2MqbVDnOgmo5wVEfoOyrTUfWodJCoXOkYwzi2OwKE53qelsUPnG2tw9ToGl+/fcOnykSFo1hc/M6euuqoq8aiWBEF+HB3ujKw==
JOTOs0K/bENV60PEQaEATQXuved/cybTgjQG6557bjNoVSPJ3Mb+JV2/1IqFGBqe+QjJb7c5DEiokhCgabEvrs3NxkCmkpo3tQYnnTtloyk=
9ezqKIpwY7LYVm3/t4N712cqpThnjLCcqP3DsQyOvv0tV/SylRAahskgqZfn8cwQWPqwGPkyqTZ8ZSY4dtra78XuB6UrbaMx
cSVbG45w8nacMea8MsqD9BWAp5FwYQr3gnJD45J7bTNoVSPJ3Mb+JV2/1IqFGBqe+QjJb7c5DEiokhCgaboprszNxkCmkpo3tQYnnTtloyk=
lqe6Suh5EB/rPfnbPXXHhTjj0pZaUUq4rWf/OFVGbn6tarUYnpgYO1rwqWd5OqHn5tpQt0AUf75nBJN7yzmhwsDKS6ybkjCzAyOeOWSjNg==
7bzxd77jE5Ov+N9Agoi52WUqpThnjLCcqP3DsQyOvv0tV/SylRAahskgqZfn8cwQWPqwGPkyqTZ8ZSY4dtra78XuB6UrbaMx
hJaaQhiE8xqdozJ508XTWxWAp5NwYQr3gnJD45B7bTNoVSPJ3Mb+JV2/1IqFGBqe+QjJb7c5DEiokhCgaboprszNxkCmkpo3tQYnnTtloyk=
ByZD1NwXxr81i7usjFnOYDjj0pZaUUq4rWf/OFVGbn6varUYnpgYO1rwqWd5OqHn5tpQt0AUf75nBJN7yzmhwsDKS6ybkjCzAyOeOWSjNg==
9xvkXdhBe538lxq+nydUgGoqpThnjLCcqP3DsQyOvv0tV/SylRAahskgqZfn8cwQWPqwGPkyqTZ8ZSY4dtra78XuB6UrbaMx
/oUuWyBSAdog3glZyHSPpxWAp5xwYQr3gnJD4597bTNoVSPJ3Mb+JV2/1IqFGBqe+QjJb7c5DEiokhCgaboprszNxkCmkpo3tQYnnTtloyk=
S44lTYCba+l8SCsTeW/0zTjj0pZaUUq4rWf/OFVGbn6garUYnpgYO1rwqWd5OqHn5tpQt0AUf75nBJN7yzmhwsDKS6ybkjCzAyOeOWSjNg==
pVdgB0PDNq9oLJd5BzwfP2QqpThnjLCcqP3DsQyOvv0tV/SylRAahskgqZfn8cwQWPqwGPkyqTZ8ZSY4dtra78XuB6UrbaMx
e5GXztLlhejtQ4D025EqnhWAp5JwYQr3gnJD45F7bTNoVSPJ3Mb+JV2/1IqFGBqe+QjJb7c5DEiokhCgaboprszNxkCmkpo3tQYnnTtloyk=
/OmNexEJjp4MeC3wf4doYDjj0pZaUUq4rWf/OFVGbn6uarUYnpgYO1rwqWd5OqHn5tpQt0AUf75nBJN7yzmhwsDKS6ybkjCzAyOeOWSjNg==
F1iZ6KUTzYj6RW1QCliwdWYqpThnjLCcqP3DsQyOvv0tV/SylRAahskgqZfn8cwQWPqwGPkyqTZ8ZSY4dtra78XuB6UrbaMx
earZCNAuRBXyo8BS3zTpxBWAp5BwYQr3gnJD45N7bTNoVSPJ3Mb+JV2/1IqFGBqe+QjJb7c5DEiokhCgaboprszNxkCmkpo3tQYnnTtloyk=
MvK+v6DM32nazQNkNzBUQDjj0pZaUUq4rWf/OFVGbn6sarUYnpgYO1rwqWd5OqHn5tpQt0AUf75nBJN7yzmhwsDKS6ybkjCzAyOeOWSjNg==
DSQLwlI09oC3NdbTdjoWIWEqpThnjLCcqP3DsQyOvv0tV/SylRAahskgqZfn8cwQWPqwGPkyqTZ8ZSY4dtra78XuB6UrbaMx
gxXwvqwr60h7/BDOQAUf0hWAp5dwYQr3gnJD45R7bTNoVSPJ3Mb+JV2/1IqFGBqe+QjJb7c5DEiokhCgaboprszNxkCmkpo3tQYnnTtloyk=
2VzvqzbRzCDNFa7+qRq7ATjj0pZaUUq4rWf/OFVGbn6rarUYnpgYO1rwqWd5OqHn5tpQt0AUf75nBJN7yzmhwsDKS6ybkjCzAyOeOWSjNg==
UJmr1/Bm2dfij+X6/qCfvGMqpThnjLCcqP3DsQyOvv0tV/SylRAahskgqZfn8cwQWPqwGPkyqTZ8ZSY4dtra78XuB6UrbaMx
8zV0waifSXpxdd7nlTor4hWAp5VwYQr3gnJD45Z7bTNoVSPJ3Mb+JV2/1IqFGBqe+QjJb7c5DEiokhCgaboprszNxkCmkpo3tQYnnTtloyk=
TQPfoeUr2Tfy51Vh9x8erTjj0pZaUUq4rWf/OFVGbn6parUYnpgYO1rwqWd5OqHn5tpQt0AUf75nBJN7yzmhwsDKS6ybkjCzAyOeOWSjNg==
OChGGFDJq25YBHFLBGG5LmAqpThnjLCcqP3DsQyOvv0tV/SylRAahskgqZfn8cwQWPqwGPkyqTZ8ZSY4dtra78XuB6UrbaMx
FLpF8jLSWLGzCPiDGFEEXBWAp5ZwYQr3gnJD45V7bTNoVSPJ3Mb+JV2/1IqFGBqe+QjJb7c5DEiokhCgaboprszNxkCmkpo3tQYnnTtloyk=
H2Myw+XC5N8j/z3Uo/RILzjj0pZaUUq4rWf/OFVGbn6qarUYnpgYO1rwqWd5OqHn5tpQt0AUf75nBJN7yzmhwsDKS6ybkjCzAyOeOWSjNg==
lgpKPYhDiGgwTqWLuVZUUHUWzbUbCdfN3cDwWOABk2W0Il6ZxctEBg2cmgJBnDkDH51stPAmwOyh/mlytBn2bE72ugut8jeRM2GjNQ==
gxQmn3EZKrOEBdSElR8J8auZoPP259dyDPltvv9kfU+AxLPFdpxvOpotg2GsHj5tjYe0YrUAGpbp8OlHR2FMgPgq8MjZIqkmXLVm6NZKWn9lPkd1C32jIQ==
bXB1l7OTXwmnwMcgAec+RMvXlH1B9b+qW0oN7KfRLqZ3Cn7QHtjpaKsp0Nv1EyQePYSaGnGXVt81xazsQP6gdBFm6eoEgZa0/q56U50qV4kDeaMt
6KhWqKZHV3UZXEPIzTXQG2aY23SGvlXbkusFgOa+ThmQeSzflpMJ4X5ZAEifi/26/Gdy8wPJq7upe1mB/v2TrahueUHEMVaniIcs+CbezDCYmjD4uRCuFj6Fpli2+trPBY6HRWtNoxE=
MZ8dtYN3NeZ/UO01fWX3V3Tv7ipaqOhCg5Gq9gHYHW46fmIhqG8dro/hyCLAyC8BQPf31Bp9CRcASwIfbC0FIxef99wWsHInm7taA/BXuMp2MhXl/BrKv4GN9EjN4CkkuRLxXLV3+FsXC+bSHQAdIla/1fsYVVKjAA==
725GuCMDakH/t3B7B3DriWaY23SGvlvbkusFgOa+ThmQeSzflpMJ4X1ZAEifi/26/Gdy8wPJq7upe1mM/v6TrahueUHEMVaniIcs+CbezDCYmjD4uRKpFjWFpli2+trPBY6HRWtNoxE=
l2ShMIPILoa1TEQdqJAV8OLzo8be2K+MGzDejtfN4kXFxy09eGUcq46fCeV1JRBcZ6fd3tS7gsdbhet/YccJ10YScwnA8sm1XL3WIwB7vGxecmzUMMZATGHealJ8uXaMjpa66+2StzFzQaMV
X81JEde8JQM7XdC2WlOIHOLzo8be2K6MGzDejtfN4kXFxy09eGUcq46fCeV1JRBcZ6fd3tS7gsdbhet/YccJ1EYScwnA8sm1XL3WIwB7vGxecmzUMMZATGHcaVJ8uXaMjpa66+2StzFzQaMV
u15v+VPbIBk8O8/kGyn8TeLzo8be2KmMGzDejtfN4kXFxy09eGUcq46fCeV1JRBcZ6fd3tS7gsdbhet/YccJ00YScwnA8sm1XL3WIwB7vGxecmzUMMZATGHUaVJ8uXaMjpa66+2StzFzQaMV
Ylt3OggK778M4IG4vWck2+Lzo8be2KqMGzDejtfN4kXFxy09PFtJhr+f1lNkNwtNKeXM086Mk9xOhr9+YeVHgTmT8mjA8sm1XL3WIwB7vGxecmzUMMZATGHaaFJ8uXaMjpa66+2StzFzQaMV
xbpqrebqiNb7mfSKw49JUuLzo8be2KuMGzDejtfN4kXFxy09eGUcq46fCeV1JRBcZ6fd3tS7gsdbhet/YccJ0kYScwnA8sm1XL3WIwB7vGxecmzUMMZATGHfb1J8uXaMjpa66+2StzFzQaMV
sXFKsAdqzn/fEzLI3uQMHeLzo8be2KqMGzDejtfN4kXFxy09eGUcq46fCeV1JRBcZ6fd3tS7gsdbhet/YccJ0UYScwnA8sm1XL3WIwB7vGxecmzUMMZATGHcblJ8uXaMjpa66+2StzFzQaMV
WZZHCUtW/NjQHeLf7CvqLWaY23SGvlXbkusFgOa+ThmQeSzflpMJ4X1ZAEifi/26/Gdy8wPJq7upe1mB/v6TrahueUHEMVaniIcs+CbezDCYmjD4uReuFjSFpli2+trPBY6HRWtNoxE=
HTa95IRl3qkbaFZBEz892OvsyTFV3vb+VEod3KuHaOUvV2zRBti691NT0Nv1HCQOeI/OXnONXswm1azsQP6gdBFs6+oHhJa3/q56U50qV4kDeaMt
ZVojGYTf8Umh97seaQNIANG70I+EsA6KxURPr7Y22NeMyQs5SvgaglyK3HQIqlWey9wLnm75Kgzq1eHAH7cna6M7
vl8BTmDHozvnZux1Sos78zT2+FW7pmre2fVRTaACL1wk9Ctmy7Qv0xV7dak5uqT0TzKEC6/zwtEQo0I=
Amk7JxgDbJ+75cYuFd9sTYYgOMJxdxrhIlhu8h+NTGC4inBoGUirRp8Q5kuWqlqfJZ7H1csdo0E=
vl8BTmDHozvnZux1Sos78zT2+FW7pmre2fVRTaACL1wk9Ctmy7Qv0xV7dak5uqT0TzKEC6/zwtEQo0I=
Amk7JxgDbJ+75cYuFd9sTYYgOMJxdxrhIlhu8h+NTGC4inBoGUirRp8Q5kuWqlqfJZ7H1csdo0E=
Cw4poXMr69Hhdbl56g464lqx+kifPJNZyHKlMnTwpCs591BZNwyE/dZyuDP8LnSgWH4dVokYQUs+LQIoyvHJ1A+jL2+jPw==
3xMtsR5tPj451wHtnbMHO9wQhTciQTjkAUIZ/O2Hs9nfP7oyNlDlYk5PfdvgxRqjSA==
jmM7R5OwGsmb9b7tQ7m4IzT2+FW7pmre2fVRTaACL1wk9Ctmy7Qv0xl5das4uqT0TzKEC6/zwtEQo0I=
PIt2/UrYWXJmy8K4QwJtW4YgOMJxdxrhIlhu8h+NTGC4inBoGUSpRp0R5kuWqlqfJZ7H1csdo0E=
frI1d0FMD6+cnf18YkEXZTHe5PvT78cgcdnVP5ldSWW/Hx8aHX/Ntemwg0BOVRSlRuRRb28l1JRFTytcOzqu3ahyWBdPYmB6teI6BHXaVcwx70eZ6xfmwnpI0cLaN3GLXG1Ooxw=
nRztSW1GmpppjiGqDNpC9nM1mRjFp93noeDaZE02kZyGhEg/f/eJC6qevwaHPwDAybzEWmB9AfUsh/dWcHt+oPQd7CSQlgCcgehpYpVtNt8uZjqbTUJ3YRNxoyU=
GYlTxk035aEehGFvWXTC4QNa5PIeq3ADdE8tZlrmybgZBhoS2M3LiTHhBvgfpOOR6Hq1CjQINKPZv2BBNxS0tTb6KMu8FmSoeLZtzgmAsQMeJRIQColZXG9rH3ejJw==
6v0G1tWdEo2GkLWqu0ET1Bd+YCxRRiViWuLBrAkSMvb4qeNdYbXOPF9gK8W4rh1ulOycN0kr6MW3kDwhpm6ALxxyzHwo4qUKSUR5V07xOnQqbXFIf38Xc6Mj
zlrAc6afQFd2sTIL2aQDwDHe5PvT78cgcdnVP5ldSWWkHx8aHX/Ntemwg0BOVRSlRuRRb28l1JRFTytcOzqu3ahyWBdPYmB6teI6BHXaVcwx70eZ6xfmwnpI0cLaN3GLXG1Ooxw=
h/Za61L8oau7ZGVjVNRaqPaEJ1eNrSoBhh6IHc/VDwesVF1eWt65kPkuSkoYFZvhkQm2gJ9cU/lIkmVSdNDki7mXkHk3LESdVtL4E/xOtEDY3t02ifgB675NQsjK0Ql0j0NvT6Mf
RI0DgMaZ7R4lJcQ4p4uJyzfV4vL36NM2V8nVOpp5U2epHx8aHX/Ntemwg0BOVRSlRuRRb28l1JRFTytcOzqu3ahyWBdPYmB6teI6BHXaVcwx70eZ6xfmwnpI0cLaN3GLXG1Ooxw=
s9p3hTOfiEAdAVxuvJyI35AnVndW43+fYmhmUrrMWyCS/R/6k3pFUlrSoZzJwlJmeDlDDaFF7kxfkAu1+H69/hR8fGcJGwj1t6DcEeY+YL+c4mysaJKF+kk0WaeOoZrkqv0RmL9Pd0OjEw==
KEYgXtlDVgcfwQVyTCjkUu3Gqw31jDM+uon+BXMQWs7wtWUvJQdpky/bDlCkP+wtk6yVAxsnDAn68zVKXpu4hRL0S6ZrNI+T+XlVa1g6xDRvMmRLT3NiEXCjIg==
