kgTloSU6Q2intq7hZEoaL2LPxvtPW7qzwF92CWuKiv1VyjIoMoTxGFyNhJJo/WO99dc4sYqNDuQhgrl8TUeX2b/22bJUk4ViLo8dW4AFeqMo
PTgVsMPF1zDru01TI0XtYmm6snsOqb9DlN+s8kn1ClUHXUcIgGUduYylyTfACJ1SGP2jmk0pCBwRXAUtCXRMYTiq38wMsHs32/JOHfJZeG0HUXPCySf3v52Hs03G1UskuRLxXLV3/1kXBuHSHAMdIla/1fsYVVKjAA==
zl3/7r6OmNxBhhp6F93xymm6snsOqb9DlN+s8kn1ClUHXUcIgGUduYylyTfACJ1SGP2jmk0pCBwRXAUtCXRMYTiq38wMsHs32/JOHfJZeG0HUXPCySf3v52Hs03G1UskuRLxXLV3/VkXBuHSHAMdIla/1fsYVVKjAA==
8sqehwNJ8qf893GPhtCG5t/4242Yog+Y1FQMv6lj2N23iAxpRuYQl1yK3HQIqlWUydwAnG77KQzq1eHAH7cna6M7
KWYJKmUodayVx+oyfH2wI03yyBlmTcqzunBCNM4PVKiPjq92x2euFRof7LBgSvXE2t82QIGh4/vcOnykSFo1hMnM4Oyuq4m8aiWBEF+HB3ujKw==
lVNxL7MDtyDXOM/0+qNQqnUWzbUbCdfN3sDwWOABk2W0Il6ZxctEBg2cmgJBnDkDH51stPAmwOyh/mlyvB72bU32ugut8jeRM2GjNQ==
X6+F12ryVrNs/LK8K0gN/ZwFinpShUtEvq4hDSOE/4nRUkElUpK3nMVBh6C58gJnOILtBiBPQPjTQ6t6c0OPXc7Z4sQ9ir1sqX/ZGXOOfSLQGxkCkkdZa2QddqMk
gsBLg/tzX92Dz0e3EVGzBF4Ds7NYLWDWb2cyplD6RO/7vwh0rusRdRzMQVpaQIXS8TlDazxmxHg4ho3YCZDYMN53seCKObkML5s/Z6M3
wNgZhSr5YSIWULkvJQzMrmMqpjhnjLCcqP3DsQyOvv0tV/SylRAahskgqZfn8cwQWPqwGPkyqTZ0YiY5ddra78XuB6UrbaMx
YL3h851GQrp/rIv2b4OwL2AqpjhnjLCcqP3DsQyOvv0tV/SylRAahskgqZfn8cwQWPqwGPkyqTZ0YiY5ddra78XuB6UrbaMx
EnVi9uoxopBO45iSlGJmj2EqpjhnjLCcqP3DsQyOvv0tV/SylRAahskgqZfn8cwQWPqwGPkyqTZ0YiY5ddra78XuB6UrbaMx
8zL5YaQnMC3+ejllqWgtpGYqpjhnjLCcqP3DsQyOvv0tV/SylRAahskgqZfn8cwQWPqwGPkyqTZ0YiY5ddra78XuB6UrbaMx
RfXiOhxY5FxcE+i7qVvFS2cqpjhnjLCcqP3DsQyOvv0tV/SylRAahskgqZfn8cwQWPqwGPkyqTZ0YiY5ddra78XuB6UrbaMx
IesyO09eIQwADWQMfUe6KGQqpjhnjLCcqP3DsQyOvv0tV/SylRAahskgqZfn8cwQWPqwGPkyqTZ0YiY5ddra78XuB6UrbaMx
Nu4FTrkXBBs2HmdPZsOYMWUqpjhnjLCcqP3DsQyOvv0tV/SylRAahskgqZfn8cwQWPqwGPkyqTZ0YiY5ddra78XuB6UrbaMx
vdBjn20lMDYtqyorX8Jo6GoqpjhnjLCcqP3DsQyOvv0tV/SylRAahskgqZfn8cwQWPqwGPkyqTZ0YiY5ddra78XuB6UrbaMx
b6QGqDXRBaRWZJ4AgsoIz07Q68pOYhbVx2tFpvQEMAQYVSPJ3Mb+JV2/1IqFGBqe+QjJb7c5DEiokhCgaboprsTKxkGlkpo3tQYnnTtloyk=
h0LQl9T+ePZF6aAukc2QrGsqpjhnjLCcqP3DsQyOvv0tV/SylRAahskgqZfn8cwQWPqwGPkyqTZ0YiY5ddra78XuB6UrbaMx
1/g1UB3pJdpUSHj4fBvRpRYp0erlKbNgzVqOF+Q6ueYUV7yon6s/+ucrQ42ywdak6TLhnCXXLVlHZnESDGPNoubf5TuoNWKjMA==
0DLQbB6/v749KQ2vA8Q9nhcp0erlKbNgzVqOF+Q6ueYUV7yon6s/+ucrQ42ywdak6TLhnCXXLVlHZnESDGPNoubf5TuoNWKjMA==
mg4Bx1Ecuv+GuclsM+aekhQp0erlKbNgzVqOF+Q6ueYUV7yon6s/+ucrQ42ywdak6TLhnCXXLVlHZnESDGPNoubf5TuoNWKjMA==
XpFkoSjmzqPPbBVcNXkJ2BUp0erlKbNgzVqOF+Q6ueYUV7yon6s/+ucrQ42ywdak6TLhnCXXLVlHZnESDGPNoubf5TuoNWKjMA==
H837iPApfk/wzaC0iuVWwxIp0erlKbNgzVqOF+Q6ueYUV7yon6s/+ucrQ42ywdak6TLhnCXXLVlHZnESDGPNoubf5TuoNWKjMA==
G3yd9v9zjFYMV4k3s/uGWWUqpThnjLCcqP3DsQyOvv0tV/SylRAahskgqZfn8cwQWPqwGPkyqTZ0YiY5ddra78XuB6UrbaMx
C5FUTXQ5f5/lgVom5ar+b2oqpThnjLCcqP3DsQyOvv0tV/SylRAahskgqZfn8cwQWPqwGPkyqTZ0YiY5ddra78XuB6UrbaMx
FMbyJtHQ2G+GpD5gDz0VgmcqpThnjLCcqP3DsQyOvv0tV/SylRAahskgqZfn8cwQWPqwGPkyqTZ0YiY5ddra78XuB6UrbaMx
o99102G7i8gl7jYuYXwy12QqpThnjLCcqP3DsQyOvv0tV/SylRAahskgqZfn8cwQWPqwGPkyqTZ0YiY5ddra78XuB6UrbaMx
YU2vRwbU+sdMrxxyDSjun2YqpThnjLCcqP3DsQyOvv0tV/SylRAahskgqZfn8cwQWPqwGPkyqTZ0YiY5ddra78XuB6UrbaMx
Or9R7tMTZEhMHKMHMj7xF2EqpThnjLCcqP3DsQyOvv0tV/SylRAahskgqZfn8cwQWPqwGPkyqTZ0YiY5ddra78XuB6UrbaMx
Y82b6nIXfxPZ+iK5q9Bx02MqpThnjLCcqP3DsQyOvv0tV/SylRAahskgqZfn8cwQWPqwGPkyqTZ0YiY5ddra78XuB6UrbaMx
P9rvVQhA6yJULouJfLsqLWAqpThnjLCcqP3DsQyOvv0tV/SylRAahskgqZfn8cwQWPqwGPkyqTZ0YiY5ddra78XuB6UrbaMx
hujZJ4PgiJOx5hXZyr/B9nUWzbUbCdfN3cDwWOABk2W0Il6ZxctEBg2cmgJBnDkDH51stPAmwOyh/mlyvB72bU32ugut8jeRM2GjNQ==
GdrumHVtz9cS3v35VdQRSBQp0enlKbNgzVqOF+Q6ueYUV7yon6s/+ucrQ42ywdak6TLhnCXXLVlHZnESDGPNoubf5TuoNWKjMA==
46LTg4Ij8J0V9C5vyyTfjxIp0enlKbNgzVqOF+Q6ueYUV7yon6s/+ucrQ42ywdak6TLhnCXXLVlHZnESDGPNoubf5TuoNWKjMA==
nLhmk6c4pccbAjC1f+lSRmsqpThnjLCcqP3DsQyOvv0tV/SylRAahskgqZfn8cwQWPqwGPkyqTZ0YiY5ddra78XuB6UrbaMx
MgsznHHGJuNG7wvhWl4kERYp0enlKbNgzVqOF+Q6ueYUV7yon6s/+ucrQ42ywdak6TLhnCXXLVlHZnESDGPNoubf5TuoNWKjMA==
hVXnWfAO8MEQuh2jOetLJRcp0enlKbNgzVqOF+Q6ueYUV7yon6s/+ucrQ42ywdak6TLhnCXXLVlHZnESDGPNoubf5TuoNWKjMA==
OC3O/1JctFJpgE2L1v9sJRUp0enlKbNgzVqOF+Q6ueYUV7yon6s/+ucrQ42ywdak6TLhnCXXLVlHZnESDGPNoubf5TuoNWKjMA==
4FrWgfMIKs+Ke9vxxLEGl07Q68pOYRbVx2tFpvQEMAQYVSPJ3Mb+JV2/1IqFGBqe+QjJb7c5DEiokhCgaboprsTKxkGlkpo3tQYnnTtloyk=
mln5lgNcDkg/JSbvZi7Pc14As7NYLWDWb2cxplD6RO/7vwh0rusRdRzMQVpaQIXS8TlDazxmxHg4ho3YCZDYMN53seCKObkML5s/Z6M3
pL2kus05FOvthCzFGIBbcQdgvJlLAZ/NEcBvPnR/Po4LNmaj5mAl7/26JW95Reg1pHTbBjv037MPeWWCC/oWV/+yFKv/M5IxYKMy
8uoRJJwQE0LZP/qQhM5LBQdgvJtLAZ/NEcBvPnR/Po4LNmaj5mAl7/26JW95Reg1pHTbBjv037MPeWWCC/oWV/+yFKv/M5IxYKMy
Soc7xg0egKAJ4pIUvlJIMQdgvJRLAZ/NEcBvPnR/Po4LNmaj5mAl7/26JW95Reg1pHTbBjv037MPeWWCC/oWV/+yFKv/M5IxYKMy
LKolzxTDLwxf3QircH+q5QdgvJpLAZ/NEcBvPnR/Po4LNmaj5mAl7/26JW95Reg1pHTbBjv037MPeWWCC/oWV/+yFKv/M5IxYKMy
qZRMPTFYXojfuzu3JWT6/AdgvJhLAZ/NEcBvPnR/Po4LNmaj5mAl7/26JW95Reg1pHTbBjv037MPeWWCC/oWV/+yFKv/M5IxYKMy
ZGaRXTibuQc+qU0hlHEdtQdgvJ9LAZ/NEcBvPnR/Po4LNmaj5mAl7/26JW95Reg1pHTbBjv037MPeWWCC/oWV/+yFKv/M5IxYKMy
TeuTRpcDGNAmGpqbibNorAdgvJ1LAZ/NEcBvPnR/Po4LNmaj5mAl7/26JW95Reg1pHTbBjv037MPeWWCC/oWV/+yFKv/M5IxYKMy
E2vOXp0bzRNNYJbavTwpKAdgvJ5LAZ/NEcBvPnR/Po4LNmaj5mAl7/26JW95Reg1pHTbBjv037MPeWWCC/oWV/+yFKv/M5IxYKMy
HZRqzWoNHGaW7Br3e1/aI0WC16drFR616LNSZ1UAK3a4D+I2r9YCO1rwqWd5OqHn9dVUrUAUf75nBJN7yzmhysfKSq+bkjCzAyOeOWSjNg==
Ick+aa/gu8F57m7MsrP6ilqx+kifPJNZyHanPHTwpCs591BZNwyE/dZyuDP8LnSgWH4dUIkYSEg+LwEoyvHJ1A+jL2+jPw==
k/F9BfhMeBSBAGFB2lens1qx+kifPJNZyHKlMnTwpCs591BZNwyE/dZyuDP8LnSgWH4dUIkYSEg+LwEoyvHJ1A+jL2+jPw==
5LqJoKXYP2lawH9U4hF30JdW/wLJQ/Agt/t9Y47JX////zl11i4dZHk0Y7ZjFLdDh/ntMqNazicH8sz7xxO6IWijOg==
0uAy1qvSLggl4V6DbKh7vZAnVndW43+fYmhmUrrMWyCS/R/6k3pFUlrSoZzJwlJmeDlDDaFF7kxfkAu1+Hq/8BR8fGcJGwj1t6DcEeY+YL+c4mysaJKF/E80UKSOo5nkqv0RmL9Pd0OjEw==
MlGW78N126YLq28DLx7v6TfV4vL36NM2V8nVOpp5U2epHx8aHX/Ntemwg0BOVRSlRuRRb28l1JRBTSVcOzqu3ahyWBdPYmB6teI6BHXaVcwx70Gf6x7lwnhL0cLaN3GLXG1Ooxw=
qzv4wc+nj+52OiqXe+Z5ifaEJ1eNrSoBhh6IHc/VDwesVF1eWt65kPkuSkoYFZvhkQm2gJ9cU/lIlmdcdNDki7mXkHk3LESdVtL4E/xOtEDY3t0wj/gI6L5PQcjK0Ql0j0NvT6Mf
LKxbnlW5h+rvArF1O73ATzHe5PvT78cgcdnVP5ldSWWkHx8aHX/Ntemwg0BOVRSlRuRRb28l1JRBTSVcOzqu3ahyWBdPYmB6teI6BHXaVcwx70Gf6x7lwnhL0cLaN3GLXG1Ooxw=
epwXoUuViLb8wg5GkarsnBd+YCxRRiViWuLBrAkSMvb4qeNdYbXOPF9gK8W4qh9glOycN0kr6MW3kDwhpm6ALxxyzHwo4qUMT0RwVE7zOXQqbXFIf38Xc6Mj
OiGXeyHeYsmsIR2jpESo6QNa5PIeq3ADdE8tZlrmybgZBhoS2M3LiTHhBvgfpOOR6H63BDQINKPZv2BBNxS0tTb6KMu8FmSoeLZtyA+AuAAeJxEQColZXG9rH3ejJw==
UyUHoN4KmGCI6wqYDoKZNnM1mRjFp93noeDaZE02kZyGhEg/f/eJC6qevwaHPwDEy7LEWmB9AfUsh/dWcHt+oPQd7CSQlgCcge5vYpxuNt0tZjqbTUJ3YRNxoyU=
VdTk+ZJQ5noRnvpRfS1NYjHe5PvT78cgcdnVP5ldSWW/Hx8aHX/Ntemwg0BOVRSlRuRRb28l1JRBTSVcOzqu3ahyWBdPYmB6teI6BHXaVcwx70Cf6x7lwnhL0cLaN3GLXG1Ooxw=
eVObq6M6PMWNkcadeYsavWm6snsOqb9DlN+s8kn1ClUHXUcIgGUduYylyTfACJ1SGP2jmk0pCBwRXAUtCXRMYTiq38wMsHs32/JOHfJZeG0HUXPCySf3v52Hs03G1UskuRLxXLV3/F8XBuHSHAMdIla/1fsYVVKjAA==
ktcrWubbi9vX8nzdb3ymT+Lzo8be2KqMGzDejtfN4kXFxy09eGUcq46fCeV1JRBcZ6fd3tS7gsdbhet/YccJ2EYScwnA8sm1XLnfNAd7vGxecmzUMMZATGHYa1J3v3aNjZa66+2StzFzQaMV
Pzcm1sYWxu4qRGncmYb58Vqx+kifPJNZyHKlMnTwpCs591BZNwyE/dZyuDP8LnSgWH4dWosYRUk+LwEoyvHJ1A+jL2+jPw==
jG3ANklyrQhZRR1YrQ4khdwQhTciQTjkAUIZ/O2Hv9vfO7gyNFPlYk5PfdvgxRqjSA==
26hVZKDAwvOgRregGk3JHTT2+FW7pmre2fVRTaACL1wk9Ctmy7Qv0xV7da86uqb3TzKEC6/zwtEQo0I=
eIJfJY5rQVR7y6ewlZekpYYgOMJxdxrhIlhu8h+NTGC4inBoGUirRpkT5kmVqlqfJZ7H1csdo0E=
Owxdcb8iEp+IqHGAojiPVzHe5PvT78cgcdnVP5ldSWW/Hx8aHX/Ntemwg0BOVRSlRuRRb28l1JRFTytcOzqu3ahyWBdPYmB6teI6BHXaVcwx70ub6xPkwnhL0cLaN3GLXG1Ooxw=
En5EVA6+Kt9UFrval6eUdnM1mRjFp93noeDaZE02kZyGhEg/f/eJC6qevwaHPwDAybzEWmB9AfUsh/dWcHt+oPQd7CSQlgCcgeRrYpFvNt0tZjqbTUJ3YRNxoyU=
I5YFLqDPhauswEv6KWE7jwNa5PIeq3ADdE8tZlrmybgZBhoS2M3LiTHhBvgfpOOR6Hq1CjQINKPZv2BBNxS0tTb6KMu8FmSoeLZtwguAtQEeJxEQColZXG9rH3ejJw==
jFjnHcSmXhP4O4RjZZSJLRd+YCxRRiViWuLBrAkSMvb4qeNdYbXOPF9gK8W4rh1ulOycN0kr6MW3kDwhpm6ALxxyzHwo4qUGS0R9VU7zOXQqbXFIf38Xc6Mj
LdXnUpBpi11Vex2VEEwzSjHe5PvT78cgcdnVP5ldSWWkHx8aHX/Ntemwg0BOVRSlRuRRb28l1JRFTytcOzqu3ahyWBdPYmB6teI6BHXaVcwx70ub6xPkwnhL0cLaN3GLXG1Ooxw=
rhxkPZh6pM8zjo0YnsnY/vaEJ1eNrSoBhh6IHc/VDwesVF1eWt65kPkuSkoYFZvhkQm2gJ9cU/lIkmVSdNDki7mXkHk3LESdVtL4E/xOtEDY3t06i/gF6b5PQcjK0Ql0j0NvT6Mf
CuWhKvZKcYyrb/U0D0HoGDfV4vL36NM2V8nVOpp5U2epHx8aHX/Ntemwg0BOVRSlRuRRb28l1JRFTytcOzqu3ahyWBdPYmB6teI6BHXaVcwx70ub6xPkwnhL0cLaN3GLXG1Ooxw=
vGmu0vzMvqpQB9CNgZt7DJAnVndW43+fYmhmUrrMWyCS/R/6k3pFUlrSoZzJwlJmeDlDDaFF7kxfkAu1+H69/hR8fGcJGwj1t6DcEeY+YL+c4mysaJKF9ks0XaWOo5nkqv0RmL9Pd0OjEw==
9wJPirFPFH3SVqhyT4Otge3Gqw31jDM+uon+BXMQWs7wtWUvJQdpky/bDlCkP+wtk6yVAxsnDAn68zVKXpu4hRL0S6ZrNI+T9XtVb1o6xjdvMmRLT3NiEXCjIg==
