nC2xLsNJKJyrvIqqWk9pxGLPxvtPW7qzwF92CWuKiv1VyjIoMoTxGFyNhJJo/WO99dc4sYqNDuQhgrl8TUeX37//2rJWkIViLo8dW4AFeqMo
BcJfbUKWpW5WKFK8mU5naGm6snsOqb9DlN+s8kn1ClUHXUcIgGUduYylyTfACJ1SGP2jmk0pCBwRXAUtCXRMYTiq38wMsHs32/JOHfJZeG0HUXPCySf3v52Hs03G1UskuRLxXLV3/18XD+LSHgAdIla/1fsYVVKjAA==
jPIRmSsU2k7hsFz0DwC67Wm6snsOqb9DlN+s8kn1ClUHXUcIgGUduYylyTfACJ1SGP2jmk0pCBwRXAUtCXRMYTiq38wMsHs32/JOHfJZeG0HUXPCySf3v52Hs03G1UskuRLxXLV3/l8XD+LSHgAdIla/1fsYVVKjAA==
V9+bRiIWsEPZABoG5PIkQd/4242Yog+Y1FQMv6lj2N23iAxpRuYQl1yK3HQIqlWXz9wJn275Kgzq1eHAH7cna6M7
6ymOskYhY7ong3sxJ0PjuE3yyBlmTcqzunBCNM4PVKiPjq92x2euFRof7LBgSvXE2t82QIGh4/vcOnykSFo1h8/M6e+uqYq8aiWBEF+HB3ujKw==
mWNxIJnPbVfT8ZKxzbozMXUWzbUbCdfN3sDwWOABk2W0Il6ZxctEBg2cmgJBnDkDH51stPAmwOyh/m9ytR32b072ugut8jeRM2GjNQ==
KSb7ZA8Sg5pi3ii2vyGaxJwFinpShUtEvq4hDSOE/4nRUkElUpK3nMVBh6C58gJnOILtBiBPQPjTQ6t6c0OPXc7Z4sQ9ir1sqX/ZH3OHfiLSGBkCkkdZa2QddqMk
+SyaUWiXNP7LP6oTPVaW/14Ds7NYLWDWb2cyplD6RO/7vwh0rusRdRzMQVpaQIXS8TlDazxmxHg4ho3YD5DRM951suCKObkML5s/Z6M3
MX+xY1J4aS/IFul3tcE/gmMqpjhnjLCcqP3DsQyOvv0tV/SylRAahskgqZfn8cwQWPqwGPkyrzZ9YSY7dtra78XuB6UrbaMx
JnCwk10KtLZmbsqJ25hL42AqpjhnjLCcqP3DsQyOvv0tV/SylRAahskgqZfn8cwQWPqwGPkyrzZ9YSY7dtra78XuB6UrbaMx
JKBIZ72RIPN+ONA0a6kLdWEqpjhnjLCcqP3DsQyOvv0tV/SylRAahskgqZfn8cwQWPqwGPkyrzZ9YSY7dtra78XuB6UrbaMx
+Y8SbnL4Nx51IszgGC4SXmYqpjhnjLCcqP3DsQyOvv0tV/SylRAahskgqZfn8cwQWPqwGPkyrzZ9YSY7dtra78XuB6UrbaMx
GMQ5l7qYCRo9/LEpGykhBmcqpjhnjLCcqP3DsQyOvv0tV/SylRAahskgqZfn8cwQWPqwGPkyrzZ9YSY7dtra78XuB6UrbaMx
weC2EVh4CFapvG0WlLyp02QqpjhnjLCcqP3DsQyOvv0tV/SylRAahskgqZfn8cwQWPqwGPkyrzZ9YSY7dtra78XuB6UrbaMx
Cy5hM2GdHMCwbsN2ocLLZGUqpjhnjLCcqP3DsQyOvv0tV/SylRAahskgqZfn8cwQWPqwGPkyrzZ9YSY7dtra78XuB6UrbaMx
RdbWP/QPKw6usbhY5556TGoqpjhnjLCcqP3DsQyOvv0tV/SylRAahskgqZfn8cwQWPqwGPkyrzZ9YSY7dtra78XuB6UrbaMx
wQDT+/CRjZYRgeSMa4k5Gk7Q68pOYhbVx2tFpvQEMAQYVSPJ3Mb+JV2/1IqFGBqe+QjJb7c5DEiokhCgabovrs3JxkOmkpo3tQYnnTtloyk=
5dKkutMoUTmKvHzMlqGS22sqpjhnjLCcqP3DsQyOvv0tV/SylRAahskgqZfn8cwQWPqwGPkyrzZ9YSY7dtra78XuB6UrbaMx
M/4VE4zIN1GNU7sgzsPCWRYp0erlKbNgzVqOF+Q6ueYUV7yon6s/+ucrQ42ywdak6TLhnCXXLV9Hb3ISDmDNoubf5TuoNWKjMA==
zQGudHPqdeNgUy15i6rczRcp0erlKbNgzVqOF+Q6ueYUV7yon6s/+ucrQ42ywdak6TLhnCXXLV9Hb3ISDmDNoubf5TuoNWKjMA==
Oqdr7/+1GQxfcnm5vnr83xQp0erlKbNgzVqOF+Q6ueYUV7yon6s/+ucrQ42ywdak6TLhnCXXLV9Hb3ISDmDNoubf5TuoNWKjMA==
9pheFV5eWeXp1WyDCsBwvhUp0erlKbNgzVqOF+Q6ueYUV7yon6s/+ucrQ42ywdak6TLhnCXXLV9Hb3ISDmDNoubf5TuoNWKjMA==
a1D8BGC4rSxg7XFaT2N/zRIp0erlKbNgzVqOF+Q6ueYUV7yon6s/+ucrQ42ywdak6TLhnCXXLV9Hb3ISDmDNoubf5TuoNWKjMA==
oMD4B7j3PzOY8UdC9G9yQWUqpThnjLCcqP3DsQyOvv0tV/SylRAahskgqZfn8cwQWPqwGPkyrzZ9YSY7dtra78XuB6UrbaMx
qLA5g02olnAZIBuO0YjeMmoqpThnjLCcqP3DsQyOvv0tV/SylRAahskgqZfn8cwQWPqwGPkyrzZ9YSY7dtra78XuB6UrbaMx
vvXPOY0oq7TnI1dDwsfgZmcqpThnjLCcqP3DsQyOvv0tV/SylRAahskgqZfn8cwQWPqwGPkyrzZ9YSY7dtra78XuB6UrbaMx
CSSfTiBJxqmDOUDui0DIUmQqpThnjLCcqP3DsQyOvv0tV/SylRAahskgqZfn8cwQWPqwGPkyrzZ9YSY7dtra78XuB6UrbaMx
SO7+iCseq1al0+suL1SMz2YqpThnjLCcqP3DsQyOvv0tV/SylRAahskgqZfn8cwQWPqwGPkyrzZ9YSY7dtra78XuB6UrbaMx
uShLktaPhBUnkEE5Zryh3mEqpThnjLCcqP3DsQyOvv0tV/SylRAahskgqZfn8cwQWPqwGPkyrzZ9YSY7dtra78XuB6UrbaMx
ja98QKjs2vsGba0ZKS7dV2MqpThnjLCcqP3DsQyOvv0tV/SylRAahskgqZfn8cwQWPqwGPkyrzZ9YSY7dtra78XuB6UrbaMx
6owiRa7YG6sR4nojLrZGrmAqpThnjLCcqP3DsQyOvv0tV/SylRAahskgqZfn8cwQWPqwGPkyrzZ9YSY7dtra78XuB6UrbaMx
P8HqmQ4X779i6naehd0QxXUWzbUbCdfN3cDwWOABk2W0Il6ZxctEBg2cmgJBnDkDH51stPAmwOyh/m9ytR32b072ugut8jeRM2GjNQ==
t8XZrHll1snxtQCK/s0EqBQp0enlKbNgzVqOF+Q6ueYUV7yon6s/+ucrQ42ywdak6TLhnCXXLV9Hb3ISDmDNoubf5TuoNWKjMA==
uxr5d+MfobNWJs9H1XvZ6xIp0enlKbNgzVqOF+Q6ueYUV7yon6s/+ucrQ42ywdak6TLhnCXXLV9Hb3ISDmDNoubf5TuoNWKjMA==
LGsvVmaBwH6Rx0HOEWrfBWsqpThnjLCcqP3DsQyOvv0tV/SylRAahskgqZfn8cwQWPqwGPkyrzZ9YSY7dtra78XuB6UrbaMx
R4tUQRSi9VhVQ9wg1boOBRYp0enlKbNgzVqOF+Q6ueYUV7yon6s/+ucrQ42ywdak6TLhnCXXLV9Hb3ISDmDNoubf5TuoNWKjMA==
4NiRmyQylreaSUgnlPgZMhcp0enlKbNgzVqOF+Q6ueYUV7yon6s/+ucrQ42ywdak6TLhnCXXLV9Hb3ISDmDNoubf5TuoNWKjMA==
eYQUAWVV3bqs/Oi+ObbdyRUp0enlKbNgzVqOF+Q6ueYUV7yon6s/+ucrQ42ywdak6TLhnCXXLV9Hb3ISDmDNoubf5TuoNWKjMA==
HqKbFeCDCnhdF1ytAsVWeE7Q68pOYRbVx2tFpvQEMAQYVSPJ3Mb+JV2/1IqFGBqe+QjJb7c5DEiokhCgabovrs3JxkOmkpo3tQYnnTtloyk=
S1zruu/ozL3zdeZOTRARiF4As7NYLWDWb2cxplD6RO/7vwh0rusRdRzMQVpaQIXS8TlDazxmxHg4ho3YD5DRM951suCKObkML5s/Z6M3
YN+1NebcfkajbPu24tYEAgdgvJlLAZ/NEcBvPnR/Po4LNmaj5mAl7/26JW95Reg1pHTbBjv037MPf2WLCPoUVP+yFKv/M5IxYKMy
A9do/HwKN4ucE58JVfQsCwdgvJtLAZ/NEcBvPnR/Po4LNmaj5mAl7/26JW95Reg1pHTbBjv037MPf2WLCPoUVP+yFKv/M5IxYKMy
gpMbuZZH89S26Ro2+L9jNgdgvJRLAZ/NEcBvPnR/Po4LNmaj5mAl7/26JW95Reg1pHTbBjv037MPf2WLCPoUVP+yFKv/M5IxYKMy
Luz9v08vEV79d5IeLsEkTgdgvJpLAZ/NEcBvPnR/Po4LNmaj5mAl7/26JW95Reg1pHTbBjv037MPf2WLCPoUVP+yFKv/M5IxYKMy
1j0SLYpRw5lnHO0SgGvk5wdgvJhLAZ/NEcBvPnR/Po4LNmaj5mAl7/26JW95Reg1pHTbBjv037MPf2WLCPoUVP+yFKv/M5IxYKMy
RwFfl+X0ukDTcdBHsDnWMwdgvJ9LAZ/NEcBvPnR/Po4LNmaj5mAl7/26JW95Reg1pHTbBjv037MPf2WLCPoUVP+yFKv/M5IxYKMy
3W7nvGGtedqfxoSo1rYbJwdgvJ1LAZ/NEcBvPnR/Po4LNmaj5mAl7/26JW95Reg1pHTbBjv037MPf2WLCPoUVP+yFKv/M5IxYKMy
oE4qqSbyj32IGb1ahsKztgdgvJ5LAZ/NEcBvPnR/Po4LNmaj5mAl7/26JW95Reg1pHTbBjv037MPf2WLCPoUVP+yFKv/M5IxYKMy
fcI3pmeHDX3qnHZkz7ZeZEWC16drFR616LNSZ1UAK3a4D+I2r9YCO1rwqWd5OqHn9dVUrUAUf75nBJN7yz+hw8TKSKybkjCzAyOeOWSjNg==
8pkdEDgB+xz4ULU1Uy1lWVqx+kifPJNZyHanPHTwpCs591BZNwyE/dZyuDP8LnSgWH4dUI8YQUs+LQIoyvHJ1A+jL2+jPw==
nOyZhJDdGiDOMwqlh4M4s1qx+kifPJNZyHKlMnTwpCs591BZNwyE/dZyuDP8LnSgWH4dUI8YQUs+LQIoyvHJ1A+jL2+jPw==
ifHyAcVMT4IF+uyr7GUNSZdW/wLJQ/Agt/t9Y47JX////zl11i4dZHk0Y7ZjFLdDh//tO6BazCQH8sz7xxO6IWijOg==
npp+JVq6dN0VGJwHS8nTMevsyTFV3vb+VEod3KuHaOUvV2zRBti691NT0Nv1HCQOeI/OXnONXswm1azsQP6gdBFm7uoFhZa3/q56U50qV4kDeaMt
n7Rc2gd0DLA2XDTuyUrnHzT2+FW7pmre2fVRTaACL1wk9Ctmy7Qv0x5+das4uqT0TzKEC6/zwtEQo0I=
xE2x9nHHbvphhHv748gmRYYgOMJxdxrhIlhu8h+NTGC4inBoGUOuRp0R5kuWqlqfJZ7H1csdo0E=
QTaAb6meClBBFFOfPw5VTNG70I+EsA6KxURPr7Y22NeMyQs5SvgaglyK3HQIqlWVztwJn275Kgzq1eHAH7cna6M7
43r5T1CDS0TWxA24bO6qfVqx+kifPJNZyHKlMnTwpCs591BZNwyE/dZyuDP8LnSgWH4dWo4YQUs+LQIoyvHJ1A+jL2+jPw==
DNPABRxIa1tYv+EeoQ/sy+3Gqw31jDM+uon+BXMQWs7wtWUvJQdpky/bDlCkP+wtk6yVAxsnDAn68zVKXpu4hRL0S6ZrNI+T9X5Va1g6xDRvMmRLT3NiEXCjIg==
