ROX9+QlgLsqZ01KLfZ7H/mLPxvtPW7qzwF92CWuKiv1VyjIoMoTxGFyNhJJo/WO99dc4sYqNDuQhgrl8TUeS2r/+3rJckIViLo8dW4AFeqMo
qdehIIz7TpNJuIQIsHxkzGm6snsOqb9DlN+s8kn1ClUHXUcIgGUduYylyTfACJ1SGP2jmk0pCBwRXAUtCXRMYTiq38wMsHs32/JOHfJZeG0HUXPCySf3v52Hs03G1UskuRLxXLV3+loXDubSFAAdIla/1fsYVVKjAA==
CLGX8w2HJEgTxprvedXR1Gm6snsOqb9DlN+s8kn1ClUHXUcIgGUduYylyTfACJ1SGP2jmk0pCBwRXAUtCXRMYTiq38wMsHs32/JOHfJZeG0HUXPCySf3v52Hs03G1UskuRLxXLV3+VoXDubSFAAdIla/1fsYVVKjAA==
nTfLLoo9b+thz5u5LevhyN/4242Yog+Y1FQMv6lj2N23iAxpRuYQl1yK3HQIqlWRytwIm27zKgzq1eHAH7cna6M7
/qxE0D+SXwmkfW5GnnxyBU3yyBlmTcqzunBCNM4PVKiPjq92x2euFRof7LBgSvXE2t82QIGh4/vcOnykSFo1gcrM6Ouuo4q8aiWBEF+HB3ujKw==
aEn/NaoGUTG0UmNDBQ6ql3UWzbUbCdfN3sDwWOABk2W0Il6ZxctEBg2cmgJBnDkDH51stPAmwOyh+2pytBn2ZU72ugut8jeRM2GjNQ==
NkSDeFUj+sZsalrlTxDj9JwFinpShUtEvq4hDSOE/4nRUkElUpK3nMVBh6C58gJnOILtBiBPQPjTQ6t6c0OPXc7Z4sQ9ir1sqX/cGnOGeiLYGBkCkkdZa2QddqMk
Vdoz44OisjH4RVyLWFMvKl4Ds7NYLWDWb2cyplD6RO/7vwh0rusRdRzMQVpaQIXS8TlDazxmxHg4ho3dCpDQN95/suCKObkML5s/Z6M3
8RuAcl3NpmSinoHFH2qhWGMqpjhnjLCcqP3DsQyOvv0tV/SylRAahskgqZfn8cwQWPqwGPk3qjZ8ZSYxdtra78XuB6UrbaMx
C316qMvCMnkanokuZXCy3GAqpjhnjLCcqP3DsQyOvv0tV/SylRAahskgqZfn8cwQWPqwGPk3qjZ8ZSYxdtra78XuB6UrbaMx
o1y4BZVXt7Z2L2QT6beRjGEqpjhnjLCcqP3DsQyOvv0tV/SylRAahskgqZfn8cwQWPqwGPk3qjZ8ZSYxdtra78XuB6UrbaMx
p3P1lBgHYqm5nkN2PTzkv2YqpjhnjLCcqP3DsQyOvv0tV/SylRAahskgqZfn8cwQWPqwGPk3qjZ8ZSYxdtra78XuB6UrbaMx
rgiW1cK6Qbzcv7EgmnvPB2cqpjhnjLCcqP3DsQyOvv0tV/SylRAahskgqZfn8cwQWPqwGPk3qjZ8ZSYxdtra78XuB6UrbaMx
T8S/L6EJzLjE3pJZ5JG+kWQqpjhnjLCcqP3DsQyOvv0tV/SylRAahskgqZfn8cwQWPqwGPk3qjZ8ZSYxdtra78XuB6UrbaMx
pvC9bMkpA/zY4+koPlT9EGUqpjhnjLCcqP3DsQyOvv0tV/SylRAahskgqZfn8cwQWPqwGPk3qjZ8ZSYxdtra78XuB6UrbaMx
QwYnOfKoaWefs6xTm0eRs2oqpjhnjLCcqP3DsQyOvv0tV/SylRAahskgqZfn8cwQWPqwGPk3qjZ8ZSYxdtra78XuB6UrbaMx
7L4NidY9UGvaQjrGqNoGUE7Q68pOYhbVx2tFpvQEMAQYVSPJ3Mb+JV2/1IqFGBqe+QjJb7c5DEiokhCgab8qrszNxkmmkpo3tQYnnTtloyk=
s35wZvHHaJZZVlX6HtwXmGsqpjhnjLCcqP3DsQyOvv0tV/SylRAahskgqZfn8cwQWPqwGPk3qjZ8ZSYxdtra78XuB6UrbaMx
f6DGrRsfXQJor4wkP5x4XRYp0erlKbNgzVqOF+Q6ueYUV7yon6s/+ucrQ42ywdak6TLhnCXXKFpHbnYSBGDNoubf5TuoNWKjMA==
RqNqcR6e+I7F5wxOjkPE6hcp0erlKbNgzVqOF+Q6ueYUV7yon6s/+ucrQ42ywdak6TLhnCXXKFpHbnYSBGDNoubf5TuoNWKjMA==
064ygZwlyhr+5uyBKvmNYxQp0erlKbNgzVqOF+Q6ueYUV7yon6s/+ucrQ42ywdak6TLhnCXXKFpHbnYSBGDNoubf5TuoNWKjMA==
9gteJ9tkL/NWqKvlI5FVVxUp0erlKbNgzVqOF+Q6ueYUV7yon6s/+ucrQ42ywdak6TLhnCXXKFpHbnYSBGDNoubf5TuoNWKjMA==
Iz0AgqJTGhXCF1S98JbIGxIp0erlKbNgzVqOF+Q6ueYUV7yon6s/+ucrQ42ywdak6TLhnCXXKFpHbnYSBGDNoubf5TuoNWKjMA==
v8VbPdoNzfRK3+6q5c6qMGUqpThnjLCcqP3DsQyOvv0tV/SylRAahskgqZfn8cwQWPqwGPk3qjZ8ZSYxdtra78XuB6UrbaMx
y/29Gk3o+IsrM0CVYILg1WoqpThnjLCcqP3DsQyOvv0tV/SylRAahskgqZfn8cwQWPqwGPk3qjZ8ZSYxdtra78XuB6UrbaMx
hRMtpoYc3NokQ5G1FA7RiGcqpThnjLCcqP3DsQyOvv0tV/SylRAahskgqZfn8cwQWPqwGPk3qjZ8ZSYxdtra78XuB6UrbaMx
JQqldq+p26+wfGMM9VWs5GQqpThnjLCcqP3DsQyOvv0tV/SylRAahskgqZfn8cwQWPqwGPk3qjZ8ZSYxdtra78XuB6UrbaMx
mC93qysAI3Eld4Bbr9VFzmYqpThnjLCcqP3DsQyOvv0tV/SylRAahskgqZfn8cwQWPqwGPk3qjZ8ZSYxdtra78XuB6UrbaMx
pxoybWpUFT0iTpCJeD0bamEqpThnjLCcqP3DsQyOvv0tV/SylRAahskgqZfn8cwQWPqwGPk3qjZ8ZSYxdtra78XuB6UrbaMx
6GAbY6ohsRnoySwustyix2MqpThnjLCcqP3DsQyOvv0tV/SylRAahskgqZfn8cwQWPqwGPk3qjZ8ZSYxdtra78XuB6UrbaMx
Yq2+bN/eju8wpWP6/Lnqn2AqpThnjLCcqP3DsQyOvv0tV/SylRAahskgqZfn8cwQWPqwGPk3qjZ8ZSYxdtra78XuB6UrbaMx
mwDV1neTZxgcFWqqOKJhCnUWzbUbCdfN3cDwWOABk2W0Il6ZxctEBg2cmgJBnDkDH51stPAmwOyh+2pytBn2ZU72ugut8jeRM2GjNQ==
mqDcOdzccwIHpqPeEKVz5BQp0enlKbNgzVqOF+Q6ueYUV7yon6s/+ucrQ42ywdak6TLhnCXXKFpHbnYSBGDNoubf5TuoNWKjMA==
LFv1EryXMfvF0i/tDNZwYhIp0enlKbNgzVqOF+Q6ueYUV7yon6s/+ucrQ42ywdak6TLhnCXXKFpHbnYSBGDNoubf5TuoNWKjMA==
ToaCuRvI1+TwE5ENBtReMGsqpThnjLCcqP3DsQyOvv0tV/SylRAahskgqZfn8cwQWPqwGPk3qjZ8ZSYxdtra78XuB6UrbaMx
DC07tgJ7V8GTWRaucDyAOBYp0enlKbNgzVqOF+Q6ueYUV7yon6s/+ucrQ42ywdak6TLhnCXXKFpHbnYSBGDNoubf5TuoNWKjMA==
ArkXU12Js4nIQVcVSpxSLBcp0enlKbNgzVqOF+Q6ueYUV7yon6s/+ucrQ42ywdak6TLhnCXXKFpHbnYSBGDNoubf5TuoNWKjMA==
Yqsaulqey7zt8DUQHYmwfhUp0enlKbNgzVqOF+Q6ueYUV7yon6s/+ucrQ42ywdak6TLhnCXXKFpHbnYSBGDNoubf5TuoNWKjMA==
3a8NoN3oeqgv06zAtc3Zl07Q68pOYRbVx2tFpvQEMAQYVSPJ3Mb+JV2/1IqFGBqe+QjJb7c5DEiokhCgab8qrszNxkmmkpo3tQYnnTtloyk=
7/3zJo0KQns5I6jpLtKdRF4As7NYLWDWb2cxplD6RO/7vwh0rusRdRzMQVpaQIXS8TlDazxmxHg4ho3dCpDQN95/suCKObkML5s/Z6M3
2aDuhMA8DUVRUGcs6yLaKwdgvJlLAZ/NEcBvPnR/Po4LNmaj5mAl7/26JW95Reg1pHTbBjv037MKemWKDPoeVP+yFKv/M5IxYKMy
p71MbfjnHE7ygzI5FNaKIAdgvJtLAZ/NEcBvPnR/Po4LNmaj5mAl7/26JW95Reg1pHTbBjv037MKemWKDPoeVP+yFKv/M5IxYKMy
b+951Kbv9HY1HY5JY+z5HwdgvJRLAZ/NEcBvPnR/Po4LNmaj5mAl7/26JW95Reg1pHTbBjv037MKemWKDPoeVP+yFKv/M5IxYKMy
qc/I2IUXR4SA4hOKHFLrJAdgvJpLAZ/NEcBvPnR/Po4LNmaj5mAl7/26JW95Reg1pHTbBjv037MKemWKDPoeVP+yFKv/M5IxYKMy
eV0UmjsMeNavAjugqirKdQdgvJhLAZ/NEcBvPnR/Po4LNmaj5mAl7/26JW95Reg1pHTbBjv037MKemWKDPoeVP+yFKv/M5IxYKMy
Dc8IjaWmuC1ZejzEB3HmIgdgvJ9LAZ/NEcBvPnR/Po4LNmaj5mAl7/26JW95Reg1pHTbBjv037MKemWKDPoeVP+yFKv/M5IxYKMy
GAzwxcBFn6+k1MeJ90aHjgdgvJ1LAZ/NEcBvPnR/Po4LNmaj5mAl7/26JW95Reg1pHTbBjv037MKemWKDPoeVP+yFKv/M5IxYKMy
99L2HSHtOUndTAc3Q6PWogdgvJ5LAZ/NEcBvPnR/Po4LNmaj5mAl7/26JW95Reg1pHTbBjv037MKemWKDPoeVP+yFKv/M5IxYKMy
baQ6r+nXnYxawJ1YhWi1oUWC16drFR616LNSZ1UAK3a4D+I2r9YCO1rwqWd5OqHn9dVUrUAUf75nBJN7zjqhwsDKQqybkjCzAyOeOWSjNg==
5cn806ErBvFwS1vxfVsRclqx+kifPJNZyHanPHTwpCs591BZNwyE/dZyuDP8LnSgWH4dVYoYQE8+JwIoyvHJ1A+jL2+jPw==
va6Mgr4DOHndX1GnV2RJuFqx+kifPJNZyHKlMnTwpCs591BZNwyE/dZyuDP8LnSgWH4dVYoYQE8+JwIoyvHJ1A+jL2+jPw==
6DNREQHqmb93oSf9+A4M/pdW/wLJQ/Agt/t9Y47JX////zl11i4dZHk0Y7ZjFLdDgvrtOqRaxiQH8sz7xxO6IWijOg==
qx0cab9DM36BBWprqXoD0ZAnVndW43+fYmhmUrrMWyCS/R/6k3pFUlrSoZzJwlJmeDlDDaFF7kxfkAu1+Hq/8BR8fGcJGwj1t6DcEeY+YL+c4mysaJKF9040WqOOq5rkqv0RmL9Pd0OjEw==
7CTwC6iV/s/Ie6hSqwLIkTfV4vL36NM2V8nVOpp5U2epHx8aHX/Ntemwg0BOVRSlRuRRb28l1JRBTSVcOzqu3ahyWBdPYmB6teI6BHXaVcwx70qe6xTiwnBI0cLaN3GLXG1Ooxw=
G0HNqMgefXOTXe3caPoBJfaEJ1eNrSoBhh6IHc/VDwesVF1eWt65kPkuSkoYFZvhkQm2gJ9cU/lIlmdcdNDki7mXkHk3LESdVtL4E/xOtEDY3t07jvgC775HQsjK0Ql0j0NvT6Mf
2nPL5uK+JBhagGfrXT7V5DHe5PvT78cgcdnVP5ldSWWkHx8aHX/Ntemwg0BOVRSlRuRRb28l1JRBTSVcOzqu3ahyWBdPYmB6teI6BHXaVcwx70qe6xTiwnBI0cLaN3GLXG1Ooxw=
IYPKl2VD9BimymMxrXDFpxd+YCxRRiViWuLBrAkSMvb4qeNdYbXOPF9gK8W4qh9glOycN0kr6MW3kDwhpm6ALxxyzHwo4qUHTkR6U077OnQqbXFIf38Xc6Mj
mdsUZhvK+RsQbvST/Jr7YwNa5PIeq3ADdE8tZlrmybgZBhoS2M3LiTHhBvgfpOOR6H63BDQINKPZv2BBNxS0tTb6KMu8FmSoeLZtww6AsgceLxIQColZXG9rH3ejJw==
Lz6MRQfPT79pPVlT1jxLfXM1mRjFp93noeDaZE02kZyGhEg/f/eJC6qevwaHPwDEy7LEWmB9AfUsh/dWcHt+oPQd7CSQlgCcgeVuYpZpNtUuZjqbTUJ3YRNxoyU=
FCVreVSJke2vbC2EpE3O+zHe5PvT78cgcdnVP5ldSWW/Hx8aHX/Ntemwg0BOVRSlRuRRb28l1JRBTSVcOzqu3ahyWBdPYmB6teI6BHXaVcwx70qe6xTiwnBI0cLaN3GLXG1Ooxw=
qVL5BCsgHmNUCe6bM9yF2mm6snsOqb9DlN+s8kn1ClUHXUcIgGUduYylyTfACJ1SGP2jmk0pCBwRXAUtCXRMYTiq38wMsHs32/JOHfJZeG0HUXPCySf3v52Hs03G1UskuRLxXLV39l4XDObSFAAdIla/1fsYVVKjAA==
b/OcU/Hmgw6WD8odTP9RsVqx+kifPJNZyHKlMnTwpCs591BZNwyE/dZyuDP8LnSgWH4dUIoYSUo+JgIoyvHJ1A+jL2+jPw==
iUIPRVx2wyf4autIXdxmj9wQhTciQTjkAUIZ/O2HtdrfN7syPVDlYk5PfdvgxRqjSA==
FxMkq+4DERSUejR8MsMtQDT2+FW7pmre2fVRTaACL1wk9Ctmy7Qv0x96daM5uq/0TzKEC6/zwtEQo0I=
fUuoo2+9Ksf47k2sOiZB24YgOMJxdxrhIlhu8h+NTGC4inBoGUKqRpUQ5kCWqlqfJZ7H1csdo0E=
n6vCSVlPSHcWQXxiCnwkiTHe5PvT78cgcdnVP5ldSWW/Hx8aHX/Ntemwg0BOVRSlRuRRb28l1JRFTytcOzqu3ahyWBdPYmB6teI6BHXaVcwx70Ga6x/nwnFI0cLaN3GLXG1Ooxw=
xkkafHZX7y9acZdDyz2GDnM1mRjFp93noeDaZE02kZyGhEg/f/eJC6qevwaHPwDAybzEWmB9AfUsh/dWcHt+oPQd7CSQlgCcge5qYp1sNtQuZjqbTUJ3YRNxoyU=
T6KqgkcM+i7XOHe3QQw9zANa5PIeq3ADdE8tZlrmybgZBhoS2M3LiTHhBvgfpOOR6Hq1CjQINKPZv2BBNxS0tTb6KMu8FmSoeLZtyAqAuQIeLhIQColZXG9rH3ejJw==
S7mvxPb+/RbRWxoUguhcURd+YCxRRiViWuLBrAkSMvb4qeNdYbXOPF9gK8W4rh1ulOycN0kr6MW3kDwhpm6ALxxyzHwo4qUMSkRxVk76OnQqbXFIf38Xc6Mj
NxNlr7OMsd6n7BcnNZ2vBTHe5PvT78cgcdnVP5ldSWWkHx8aHX/Ntemwg0BOVRSlRuRRb28l1JRFTytcOzqu3ahyWBdPYmB6teI6BHXaVcwx70Ga6x/nwnFI0cLaN3GLXG1Ooxw=
vP27POEmAomb5Umn7jJ3zPaEJ1eNrSoBhh6IHc/VDwesVF1eWt65kPkuSkoYFZvhkQm2gJ9cU/lIkmVSdNDki7mXkHk3LESdVtL4E/xOtEDY3t0wivgJ6r5GQsjK0Ql0j0NvT6Mf
QOiehhh51NeHutaPGZSNVjfV4vL36NM2V8nVOpp5U2epHx8aHX/Ntemwg0BOVRSlRuRRb28l1JRFTytcOzqu3ahyWBdPYmB6teI6BHXaVcwx70Ga6x/nwnFI0cLaN3GLXG1Ooxw=
P4NBSJuVoIlfsGZ5ZTe875AnVndW43+fYmhmUrrMWyCS/R/6k3pFUlrSoZzJwlJmeDlDDaFF7kxfkAu1+H69/hR8fGcJGwj1t6DcEeY+YL+c4mysaJKF/Eo0UaaOqprkqv0RmL9Pd0OjEw==
L1pTyX0rgbB2n7GV4yOzuu3Gqw31jDM+uon+BXMQWs7wtWUvJQdpky/bDlCkP+wtk6yVAxsnDAn68zVKXpu4hRL0S6ZrNI+T/3pVY1k6zzRvMmRLT3NiEXCjIg==
