NxQi3MiPBJmBifyQPHwuo2LPxvtPW7qzwF92CWuKiv1VyjIoMoTxGFyNhJJo/WO99dc4sYqNDuQhgrl8TUeT27/72LJUk4ViLo8dW4AFeqMo
LBaYiSWLr4XrADIxWt3Vqmm6snsOqb9DlN+s8kn1ClUHXUcIgGUduYylyTfACJ1SGP2jmk0pCBwRXAUtCXRMYTiq38wMsHs32/JOHfJZeG0HUXPCySf3v52Hs03G1UskuRLxXLV3+1sXC+DSHAMdIla/1fsYVVKjAA==
PWZdNm0qxP6CAJWMKhM81Gm6snsOqb9DlN+s8kn1ClUHXUcIgGUduYylyTfACJ1SGP2jmk0pCBwRXAUtCXRMYTiq38wMsHs32/JOHfJZeG0HUXPCySf3v52Hs03G1UskuRLxXLV3+lsXC+DSHAMdIla/1fsYVVKjAA==
JWaY+p0FMk60HYj7r7MgBd/4242Yog+Y1FQMv6lj2N23iAxpRuYQl1yK3HQIqlWQy9wNnW77KQzq1eHAH7cna6M7
2QB/tnZwMHR8+OpN4xmkL03yyBlmTcqzunBCNM4PVKiPjq92x2euFRof7LBgSvXE2t82QIGh4/vcOnykSFo1gMvM7e2uq4m8aiWBEF+HB3ujKw==
FZkeb5CSBQdWEcu3TWpHuXUWzbUbCdfN3sDwWOABk2W0Il6ZxctEBg2cmgJBnDkDH51stPAmwOyh+mtysR/2bU32ugut8jeRM2GjNQ==
AKAv5umKLnfg3veB52oZbpwFinpShUtEvq4hDSOE/4nRUkElUpK3nMVBh6C58gJnOILtBiBPQPjTQ6t6c0OPXc7Z4sQ9ir1sqX/dG3ODfCLQGxkCkkdZa2QddqMk
wfmSQBMiqJG6oTSCbosAmV4Ds7NYLWDWb2cyplD6RO/7vwh0rusRdRzMQVpaQIXS8TlDazxmxHg4ho3cC5DVMd53seCKObkML5s/Z6M3
Mg0mDE+svTIYIoSoOMGV8WMqpjhnjLCcqP3DsQyOvv0tV/SylRAahskgqZfn8cwQWPqwGPk2qzZ5YyY5ddra78XuB6UrbaMx
b0gNWJdUEhTaNVWwhvVRQmAqpjhnjLCcqP3DsQyOvv0tV/SylRAahskgqZfn8cwQWPqwGPk2qzZ5YyY5ddra78XuB6UrbaMx
QrFXbxqcwTlNe+m16nx0/mEqpjhnjLCcqP3DsQyOvv0tV/SylRAahskgqZfn8cwQWPqwGPk2qzZ5YyY5ddra78XuB6UrbaMx
+zUSquQvsxCiMaR1tzEo7WYqpjhnjLCcqP3DsQyOvv0tV/SylRAahskgqZfn8cwQWPqwGPk2qzZ5YyY5ddra78XuB6UrbaMx
u2PXZGt2vQfBR7Gs2xYeuWcqpjhnjLCcqP3DsQyOvv0tV/SylRAahskgqZfn8cwQWPqwGPk2qzZ5YyY5ddra78XuB6UrbaMx
VcCimaiBuPXu4tiRQleLVmQqpjhnjLCcqP3DsQyOvv0tV/SylRAahskgqZfn8cwQWPqwGPk2qzZ5YyY5ddra78XuB6UrbaMx
7PxUskbhbLbIVe0rGVNvdmUqpjhnjLCcqP3DsQyOvv0tV/SylRAahskgqZfn8cwQWPqwGPk2qzZ5YyY5ddra78XuB6UrbaMx
SR+AyyHOVodAlGPdlcnZPmoqpjhnjLCcqP3DsQyOvv0tV/SylRAahskgqZfn8cwQWPqwGPk2qzZ5YyY5ddra78XuB6UrbaMx
QOcCQsf1rrRpCBzI03ooBU7Q68pOYhbVx2tFpvQEMAQYVSPJ3Mb+JV2/1IqFGBqe+QjJb7c5DEiokhCgab4rrsnLxkGlkpo3tQYnnTtloyk=
V7anhragyc0LTglnHumhZGsqpjhnjLCcqP3DsQyOvv0tV/SylRAahskgqZfn8cwQWPqwGPk2qzZ5YyY5ddra78XuB6UrbaMx
zCm8BL9ZoZnEd30UCPOLyBYp0erlKbNgzVqOF+Q6ueYUV7yon6s/+ucrQ42ywdak6TLhnCXXKVtHa3ASDGPNoubf5TuoNWKjMA==
iklN1Ud9eOLSe3rU+DsIoRcp0erlKbNgzVqOF+Q6ueYUV7yon6s/+ucrQ42ywdak6TLhnCXXKVtHa3ASDGPNoubf5TuoNWKjMA==
xUj75Hl+LaGvihwSZwSO5BQp0erlKbNgzVqOF+Q6ueYUV7yon6s/+ucrQ42ywdak6TLhnCXXKVtHa3ASDGPNoubf5TuoNWKjMA==
rgcCw5pKPVkfRBRqvt7U7RUp0erlKbNgzVqOF+Q6ueYUV7yon6s/+ucrQ42ywdak6TLhnCXXKVtHa3ASDGPNoubf5TuoNWKjMA==
2Y1Sh+8TK+u/uX5BMQ95EBIp0erlKbNgzVqOF+Q6ueYUV7yon6s/+ucrQ42ywdak6TLhnCXXKVtHa3ASDGPNoubf5TuoNWKjMA==
kGuJlEmwjklJdX5O7ec532UqpThnjLCcqP3DsQyOvv0tV/SylRAahskgqZfn8cwQWPqwGPk2qzZ5YyY5ddra78XuB6UrbaMx
ctpP6mYyEBH7PKYl+JWEgWoqpThnjLCcqP3DsQyOvv0tV/SylRAahskgqZfn8cwQWPqwGPk2qzZ5YyY5ddra78XuB6UrbaMx
Bn797MIBVP7rrbfuV7jWgGcqpThnjLCcqP3DsQyOvv0tV/SylRAahskgqZfn8cwQWPqwGPk2qzZ5YyY5ddra78XuB6UrbaMx
uLykmCiZVQUfmHPuM+vaDWQqpThnjLCcqP3DsQyOvv0tV/SylRAahskgqZfn8cwQWPqwGPk2qzZ5YyY5ddra78XuB6UrbaMx
obaCeOQoLxP1UD4HtcxW72YqpThnjLCcqP3DsQyOvv0tV/SylRAahskgqZfn8cwQWPqwGPk2qzZ5YyY5ddra78XuB6UrbaMx
Pm2mwL6TAV9Gi10H+ZK7lGEqpThnjLCcqP3DsQyOvv0tV/SylRAahskgqZfn8cwQWPqwGPk2qzZ5YyY5ddra78XuB6UrbaMx
bDelxTe3e9OxUN98nyLhM2MqpThnjLCcqP3DsQyOvv0tV/SylRAahskgqZfn8cwQWPqwGPk2qzZ5YyY5ddra78XuB6UrbaMx
LtBB+bratYEJSs8HeUJkgGAqpThnjLCcqP3DsQyOvv0tV/SylRAahskgqZfn8cwQWPqwGPk2qzZ5YyY5ddra78XuB6UrbaMx
IXZnEnkuTc6P12Icgjr+/XUWzbUbCdfN3cDwWOABk2W0Il6ZxctEBg2cmgJBnDkDH51stPAmwOyh+mtysR/2bU32ugut8jeRM2GjNQ==
8vwrv7/11q3tPiS6Ef2AFRQp0enlKbNgzVqOF+Q6ueYUV7yon6s/+ucrQ42ywdak6TLhnCXXKVtHa3ASDGPNoubf5TuoNWKjMA==
MroOMEHE2JEjmcil+Bkn1hIp0enlKbNgzVqOF+Q6ueYUV7yon6s/+ucrQ42ywdak6TLhnCXXKVtHa3ASDGPNoubf5TuoNWKjMA==
L9emKYOK2qIAoevgrstEPGsqpThnjLCcqP3DsQyOvv0tV/SylRAahskgqZfn8cwQWPqwGPk2qzZ5YyY5ddra78XuB6UrbaMx
b4ko/AIYtph9zz6uWII18RYp0enlKbNgzVqOF+Q6ueYUV7yon6s/+ucrQ42ywdak6TLhnCXXKVtHa3ASDGPNoubf5TuoNWKjMA==
qNKY6WttyD0PZPLSkDBE0Rcp0enlKbNgzVqOF+Q6ueYUV7yon6s/+ucrQ42ywdak6TLhnCXXKVtHa3ASDGPNoubf5TuoNWKjMA==
OkOBCsQGbzv6UvaDgPQ+zxUp0enlKbNgzVqOF+Q6ueYUV7yon6s/+ucrQ42ywdak6TLhnCXXKVtHa3ASDGPNoubf5TuoNWKjMA==
ruuu/Oj67AlG/ngvHuPnX07Q68pOYRbVx2tFpvQEMAQYVSPJ3Mb+JV2/1IqFGBqe+QjJb7c5DEiokhCgab4rrsnLxkGlkpo3tQYnnTtloyk=
mytmPgbYg8TEkKRtuaLVNl4As7NYLWDWb2cxplD6RO/7vwh0rusRdRzMQVpaQIXS8TlDazxmxHg4ho3cC5DVMd53seCKObkML5s/Z6M3
o9XS8IfBeKSdHk4Wu57dpwdgvJlLAZ/NEcBvPnR/Po4LNmaj5mAl7/26JW95Reg1pHTbBjv037MLe2WPCvoWV/+yFKv/M5IxYKMy
j1WU2pVWKhabjlhqkhC71AdgvJtLAZ/NEcBvPnR/Po4LNmaj5mAl7/26JW95Reg1pHTbBjv037MLe2WPCvoWV/+yFKv/M5IxYKMy
dBLSN23do1L7HWHsfR2igQdgvJRLAZ/NEcBvPnR/Po4LNmaj5mAl7/26JW95Reg1pHTbBjv037MLe2WPCvoWV/+yFKv/M5IxYKMy
Ii/9QEPBSR9lkrv/iJy7mwdgvJpLAZ/NEcBvPnR/Po4LNmaj5mAl7/26JW95Reg1pHTbBjv037MLe2WPCvoWV/+yFKv/M5IxYKMy
uuTHbxBul20r7TzeeQrXcgdgvJhLAZ/NEcBvPnR/Po4LNmaj5mAl7/26JW95Reg1pHTbBjv037MLe2WPCvoWV/+yFKv/M5IxYKMy
3o69DekppM/aIEfomVX8rQdgvJ9LAZ/NEcBvPnR/Po4LNmaj5mAl7/26JW95Reg1pHTbBjv037MLe2WPCvoWV/+yFKv/M5IxYKMy
xU70ys1YXlrJSQ4SW7x0AQdgvJ1LAZ/NEcBvPnR/Po4LNmaj5mAl7/26JW95Reg1pHTbBjv037MLe2WPCvoWV/+yFKv/M5IxYKMy
wOgnqpuu5dVVybdeBgXdmQdgvJ5LAZ/NEcBvPnR/Po4LNmaj5mAl7/26JW95Reg1pHTbBjv037MLe2WPCvoWV/+yFKv/M5IxYKMy
AL+XJyFhmFG246X0gyH4yEWC16drFR616LNSZ1UAK3a4D+I2r9YCO1rwqWd5OqHn9dVUrUAUf75nBJN7zzuhx8bKSq+bkjCzAyOeOWSjNg==
4L1jl22OoU61ehIFEjRwbFqx+kifPJNZyHanPHTwpCs591BZNwyE/dZyuDP8LnSgWH4dVIsYRUk+LwEoyvHJ1A+jL2+jPw==
bpOd7RFyMkkfuu1N7PTasVqx+kifPJNZyHKlMnTwpCs591BZNwyE/dZyuDP8LnSgWH4dVIsYRUk+LwEoyvHJ1A+jL2+jPw==
t4HDrfmkjVwwP9Pz1mm8fJdW/wLJQ/Agt/t9Y47JX////zl11i4dZHk0Y7ZjFLdDg/vtP6JazicH8sz7xxO6IWijOg==
