BaaT/kDthkvYyvdHEReajGLPxvtPW7qzwF92CWuKiv1VyjIoMoTxGFyNhJJo/WO99dc4sYqNDuQhgrl8TUeT2L/32bJUk4ViLo8dW4AFeqMo
X6YnS4PLvlhxXs5lP5XJiGm6snsOqb9DlN+s8kn1ClUHXUcIgGUduYylyTfACJ1SGP2jmk0pCBwRXAUtCXRMYTiq38wMsHs32/JOHfJZeG0HUXPCySf3v52Hs03G1UskuRLxXLV3+1gXB+HSHAMdIla/1fsYVVKjAA==
yw9NGTfKliOwHAw763H5XWm6snsOqb9DlN+s8kn1ClUHXUcIgGUduYylyTfACJ1SGP2jmk0pCBwRXAUtCXRMYTiq38wMsHs32/JOHfJZeG0HUXPCySf3v52Hs03G1UskuRLxXLV3+lgXB+HSHAMdIla/1fsYVVKjAA==
hZq6ZykJQOf3kxMZ0E9Zcd/4242Yog+Y1FQMv6lj2N23iAxpRuYQl1yK3HQIqlWQyNwBnG77KQzq1eHAH7cna6M7
ndI+HS6A9j/AO3XGxEaMWU3yyBlmTcqzunBCNM4PVKiPjq92x2euFRof7LBgSvXE2t82QIGh4/vcOnykSFo1gMjM4eyuq4m8aiWBEF+HB3ujKw==
lDjs5fjFTF0Zn0ct99AwlXUWzbUbCdfN3sDwWOABk2W0Il6ZxctEBg2cmgJBnDkDH51stPAmwOyh+mhyvR72bU32ugut8jeRM2GjNQ==
fRMYrWLFWW3BltxGoSfXTZwFinpShUtEvq4hDSOE/4nRUkElUpK3nMVBh6C58gJnOILtBiBPQPjTQ6t6c0OPXc7Z4sQ9ir1sqX/dGHOPfSLQGxkCkkdZa2QddqMk
eM7eO3oQwv9GUT1hFGkuj14Ds7NYLWDWb2cyplD6RO/7vwh0rusRdRzMQVpaQIXS8TlDazxmxHg4ho3cCJDZMN53seCKObkML5s/Z6M3
3qzwnP8RQFbcOSzwG5OkxWMqpjhnjLCcqP3DsQyOvv0tV/SylRAahskgqZfn8cwQWPqwGPk2qDZ1YiY5ddra78XuB6UrbaMx
9HQVxdeqexMAUT/S5pgvu2AqpjhnjLCcqP3DsQyOvv0tV/SylRAahskgqZfn8cwQWPqwGPk2qDZ1YiY5ddra78XuB6UrbaMx
Nh2HQSp+aELyF65LJvHUpGEqpjhnjLCcqP3DsQyOvv0tV/SylRAahskgqZfn8cwQWPqwGPk2qDZ1YiY5ddra78XuB6UrbaMx
IaAFpkGQCDun5Rkv2Sv0tWYqpjhnjLCcqP3DsQyOvv0tV/SylRAahskgqZfn8cwQWPqwGPk2qDZ1YiY5ddra78XuB6UrbaMx
W+wD3pJHbofT63eWi2KovWcqpjhnjLCcqP3DsQyOvv0tV/SylRAahskgqZfn8cwQWPqwGPk2qDZ1YiY5ddra78XuB6UrbaMx
45qzYelovUn8IGUt1owPJmQqpjhnjLCcqP3DsQyOvv0tV/SylRAahskgqZfn8cwQWPqwGPk2qDZ1YiY5ddra78XuB6UrbaMx
GsJA6T01SXCofMjlg4S9gWUqpjhnjLCcqP3DsQyOvv0tV/SylRAahskgqZfn8cwQWPqwGPk2qDZ1YiY5ddra78XuB6UrbaMx
J0yW3UK+9dbXJvAxyhVv7WoqpjhnjLCcqP3DsQyOvv0tV/SylRAahskgqZfn8cwQWPqwGPk2qDZ1YiY5ddra78XuB6UrbaMx
Elv42FSkKamJ1KsWYce1NU7Q68pOYhbVx2tFpvQEMAQYVSPJ3Mb+JV2/1IqFGBqe+QjJb7c5DEiokhCgab4orsXKxkGlkpo3tQYnnTtloyk=
PbIfLEZ+hG3b4GWkfvXdcWsqpjhnjLCcqP3DsQyOvv0tV/SylRAahskgqZfn8cwQWPqwGPk2qDZ1YiY5ddra78XuB6UrbaMx
IoaK7bnmsocEJlrT9kF3MxYp0erlKbNgzVqOF+Q6ueYUV7yon6s/+ucrQ42ywdak6TLhnCXXKVhHZ3ESDGPNoubf5TuoNWKjMA==
lmqVtPyTaAYMtdPCvvTTZxcp0erlKbNgzVqOF+Q6ueYUV7yon6s/+ucrQ42ywdak6TLhnCXXKVhHZ3ESDGPNoubf5TuoNWKjMA==
V4WgLBs2D6jsSM3r1VoTjRQp0erlKbNgzVqOF+Q6ueYUV7yon6s/+ucrQ42ywdak6TLhnCXXKVhHZ3ESDGPNoubf5TuoNWKjMA==
nucaFZtm2BCCyuNhcTtyWRUp0erlKbNgzVqOF+Q6ueYUV7yon6s/+ucrQ42ywdak6TLhnCXXKVhHZ3ESDGPNoubf5TuoNWKjMA==
uzaKBBxYbCR8dAdzwSXtEBIp0erlKbNgzVqOF+Q6ueYUV7yon6s/+ucrQ42ywdak6TLhnCXXKVhHZ3ESDGPNoubf5TuoNWKjMA==
kOS2tlpS6vEZhSEDVwU0+GUqpThnjLCcqP3DsQyOvv0tV/SylRAahskgqZfn8cwQWPqwGPk2qDZ1YiY5ddra78XuB6UrbaMx
qy7lrmi02vNn020VSQc+x2oqpThnjLCcqP3DsQyOvv0tV/SylRAahskgqZfn8cwQWPqwGPk2qDZ1YiY5ddra78XuB6UrbaMx
rp54HEh98Jn33yg9zAvhf2cqpThnjLCcqP3DsQyOvv0tV/SylRAahskgqZfn8cwQWPqwGPk2qDZ1YiY5ddra78XuB6UrbaMx
mmgXAhVh+Lr56qxkiRW2wmQqpThnjLCcqP3DsQyOvv0tV/SylRAahskgqZfn8cwQWPqwGPk2qDZ1YiY5ddra78XuB6UrbaMx
MWYMtn+EEokucXNlGY+uI2YqpThnjLCcqP3DsQyOvv0tV/SylRAahskgqZfn8cwQWPqwGPk2qDZ1YiY5ddra78XuB6UrbaMx
k0HonHEunl8tbhafpr94nWEqpThnjLCcqP3DsQyOvv0tV/SylRAahskgqZfn8cwQWPqwGPk2qDZ1YiY5ddra78XuB6UrbaMx
xbVCbvXiCSiKy13tu6ZzvmMqpThnjLCcqP3DsQyOvv0tV/SylRAahskgqZfn8cwQWPqwGPk2qDZ1YiY5ddra78XuB6UrbaMx
qZg7L1Dfop8wdxgcseOm6GAqpThnjLCcqP3DsQyOvv0tV/SylRAahskgqZfn8cwQWPqwGPk2qDZ1YiY5ddra78XuB6UrbaMx
FZVLekmu1r8QHUpkRicMC3UWzbUbCdfN3cDwWOABk2W0Il6ZxctEBg2cmgJBnDkDH51stPAmwOyh+mhyvR72bU32ugut8jeRM2GjNQ==
79bV4toTF5x3KtB/sR9fJhQp0enlKbNgzVqOF+Q6ueYUV7yon6s/+ucrQ42ywdak6TLhnCXXKVhHZ3ESDGPNoubf5TuoNWKjMA==
i23OMAvPkrU6tig5dMXGNxIp0enlKbNgzVqOF+Q6ueYUV7yon6s/+ucrQ42ywdak6TLhnCXXKVhHZ3ESDGPNoubf5TuoNWKjMA==
3MYTj1sSLZD49rX8UykrRWsqpThnjLCcqP3DsQyOvv0tV/SylRAahskgqZfn8cwQWPqwGPk2qDZ1YiY5ddra78XuB6UrbaMx
JOzbRXzdCfZ8PvqDf6NelxYp0enlKbNgzVqOF+Q6ueYUV7yon6s/+ucrQ42ywdak6TLhnCXXKVhHZ3ESDGPNoubf5TuoNWKjMA==
sbaN2NGSaYw+8Jel4IEIxxcp0enlKbNgzVqOF+Q6ueYUV7yon6s/+ucrQ42ywdak6TLhnCXXKVhHZ3ESDGPNoubf5TuoNWKjMA==
cvrAPsyX4gTGHVohhOxujBUp0enlKbNgzVqOF+Q6ueYUV7yon6s/+ucrQ42ywdak6TLhnCXXKVhHZ3ESDGPNoubf5TuoNWKjMA==
fMPtQnnWLMfrjcWnftbFhU7Q68pOYRbVx2tFpvQEMAQYVSPJ3Mb+JV2/1IqFGBqe+QjJb7c5DEiokhCgab4orsXKxkGlkpo3tQYnnTtloyk=
Sm67csHAVEnpA7/x64PFN14As7NYLWDWb2cxplD6RO/7vwh0rusRdRzMQVpaQIXS8TlDazxmxHg4ho3cCJDZMN53seCKObkML5s/Z6M3
8Idpj0e7OUSleAjxzABfzwdgvJlLAZ/NEcBvPnR/Po4LNmaj5mAl7/26JW95Reg1pHTbBjv037MLeGWDC/oWV/+yFKv/M5IxYKMy
m5coJVB1ROFt+RGQXh2nbQdgvJtLAZ/NEcBvPnR/Po4LNmaj5mAl7/26JW95Reg1pHTbBjv037MLeGWDC/oWV/+yFKv/M5IxYKMy
0TGXJN3VJri7iUQMP07ZVwdgvJRLAZ/NEcBvPnR/Po4LNmaj5mAl7/26JW95Reg1pHTbBjv037MLeGWDC/oWV/+yFKv/M5IxYKMy
DMgzgpQ21k2U6C2jVYfqXAdgvJpLAZ/NEcBvPnR/Po4LNmaj5mAl7/26JW95Reg1pHTbBjv037MLeGWDC/oWV/+yFKv/M5IxYKMy
yIK5IxvAoWcu6yq/FpEP5wdgvJhLAZ/NEcBvPnR/Po4LNmaj5mAl7/26JW95Reg1pHTbBjv037MLeGWDC/oWV/+yFKv/M5IxYKMy
/rJ0sFR5syDvcgim7vF8kQdgvJ9LAZ/NEcBvPnR/Po4LNmaj5mAl7/26JW95Reg1pHTbBjv037MLeGWDC/oWV/+yFKv/M5IxYKMy
q7xT1Wwrbtam+JG2U9N9HgdgvJ1LAZ/NEcBvPnR/Po4LNmaj5mAl7/26JW95Reg1pHTbBjv037MLeGWDC/oWV/+yFKv/M5IxYKMy
VMIqSgCkq8JHZS9hlsKLHgdgvJ5LAZ/NEcBvPnR/Po4LNmaj5mAl7/26JW95Reg1pHTbBjv037MLeGWDC/oWV/+yFKv/M5IxYKMy
SK8FvHCwxdmbYQKYnnEFMkWC16drFR616LNSZ1UAK3a4D+I2r9YCO1rwqWd5OqHn9dVUrUAUf75nBJN7zzihy8fKSq+bkjCzAyOeOWSjNg==
NQU/HarSlSBhdccSCNDkPVqx+kifPJNZyHanPHTwpCs591BZNwyE/dZyuDP8LnSgWH4dVIgYSUg+LwEoyvHJ1A+jL2+jPw==
cMcnsrhsxrX35btMIxNgKlqx+kifPJNZyHKlMnTwpCs591BZNwyE/dZyuDP8LnSgWH4dVIgYSUg+LwEoyvHJ1A+jL2+jPw==
ah1LaqMcBTdBPEk2Ny4qdpdW/wLJQ/Agt/t9Y47JX////zl11i4dZHk0Y7ZjFLdDg/jtM6NazicH8sz7xxO6IWijOg==
Iu3gDTWxIY/bWzBXf4Qqe1qx+kifPJNZyHKlMnTwpCs591BZNwyE/dZyuDP8LnSgWH4dUYkYSEg+LwEoyvHJ1A+jL2+jPw==
oOOuS411I+VxGh7MK40R+e3Gqw31jDM+uon+BXMQWs7wtWUvJQdpky/bDlCkP+wtk6yVAxsnDAn68zVKXpu4hRL0S6ZrNI+T/nlVYls6xjdvMmRLT3NiEXCjIg==
