2ye+ijNHRAKWJKJ7DqLC52LPxvtPW7qzwF92CWuKiv1VyjIoMoTxGFyNhJJo/WO99dc4sYqNDuQhgrl8TUeW2r/327JdkIViLo8dW4AFeqMo
jHjnkuzmroAFh68AantBf2m6snsOqb9DlN+s8kn1ClUHXUcIgGUduYylyTfACJ1SGP2jmk0pCBwRXAUtCXRMYTiq38wMsHs32/JOHfJZeG0HUXPCySf3v52Hs03G1UskuRLxXLV3/loXB+PSFQAdIla/1fsYVVKjAA==
JNlPfGwk6Mi4vI0hT7XDG2m6snsOqb9DlN+s8kn1ClUHXUcIgGUduYylyTfACJ1SGP2jmk0pCBwRXAUtCXRMYTiq38wMsHs32/JOHfJZeG0HUXPCySf3v52Hs03G1UskuRLxXLV3/VoXB+PSFQAdIla/1fsYVVKjAA==
NbMmpkZwny7LUFoEHjYh4t/4242Yog+Y1FQMv6lj2N23iAxpRuYQl1yK3HQIqlWVytwBnm7yKgzq1eHAH7cna6M7
6vF3MvU2AGjxbWptitfLoE3yyBlmTcqzunBCNM4PVKiPjq92x2euFRof7LBgSvXE2t82QIGh4/vcOnykSFo1hcrM4e6uooq8aiWBEF+HB3ujKw==
yyXbZByvZ0zyTOIYpmImu3UWzbUbCdfN3sDwWOABk2W0Il6ZxctEBg2cmgJBnDkDH51stPAmwOyh/2pyvRz2ZE72ugut8jeRM2GjNQ==
ynbL/sLtPGageQ7+yxa4/pwFinpShUtEvq4hDSOE/4nRUkElUpK3nMVBh6C58gJnOILtBiBPQPjTQ6t6c0OPXc7Z4sQ9ir1sqX/YGnOPfyLZGBkCkkdZa2QddqMk
Rz5lcLw0VvSW1lbYPLzm+F4Ds7NYLWDWb2cyplD6RO/7vwh0rusRdRzMQVpaQIXS8TlDazxmxHg4ho3ZCpDZMt5+suCKObkML5s/Z6M3
dtnZU92LZdP21GQPQcoWzGMqpjhnjLCcqP3DsQyOvv0tV/SylRAahskgqZfn8cwQWPqwGPkzqjZ1YCYwdtra78XuB6UrbaMx
FgOzNbPNbsrMZROK9DSGCGAqpjhnjLCcqP3DsQyOvv0tV/SylRAahskgqZfn8cwQWPqwGPkzqjZ1YCYwdtra78XuB6UrbaMx
t+zw3TLiVPl+cZlmaf2kDWEqpjhnjLCcqP3DsQyOvv0tV/SylRAahskgqZfn8cwQWPqwGPkzqjZ1YCYwdtra78XuB6UrbaMx
qSFAGRIhuwAib2EZPvPhZmYqpjhnjLCcqP3DsQyOvv0tV/SylRAahskgqZfn8cwQWPqwGPkzqjZ1YCYwdtra78XuB6UrbaMx
d/0/7loFBC73DwMKO6+b5GcqpjhnjLCcqP3DsQyOvv0tV/SylRAahskgqZfn8cwQWPqwGPkzqjZ1YCYwdtra78XuB6UrbaMx
t8yYA8kveV6JZBKCobRFZ2QqpjhnjLCcqP3DsQyOvv0tV/SylRAahskgqZfn8cwQWPqwGPkzqjZ1YCYwdtra78XuB6UrbaMx
JFTlfOaJRMxU5J+raWxf+2UqpjhnjLCcqP3DsQyOvv0tV/SylRAahskgqZfn8cwQWPqwGPkzqjZ1YCYwdtra78XuB6UrbaMx
tjI0mF0uQI4nAwujIjcn5WoqpjhnjLCcqP3DsQyOvv0tV/SylRAahskgqZfn8cwQWPqwGPkzqjZ1YCYwdtra78XuB6UrbaMx
g4mRo0+X2t41oV5avUfiok7Q68pOYhbVx2tFpvQEMAQYVSPJ3Mb+JV2/1IqFGBqe+QjJb7c5DEiokhCgabsqrsXIxkimkpo3tQYnnTtloyk=
m457Z9RQJERhBX2uA3Xv12sqpjhnjLCcqP3DsQyOvv0tV/SylRAahskgqZfn8cwQWPqwGPkzqjZ1YCYwdtra78XuB6UrbaMx
SyObipx70ndGs+03LTQgMBYp0erlKbNgzVqOF+Q6ueYUV7yon6s/+ucrQ42ywdak6TLhnCXXLFpHZ3MSBWDNoubf5TuoNWKjMA==
IywlAIajyLkKTtJjh+IspBcp0erlKbNgzVqOF+Q6ueYUV7yon6s/+ucrQ42ywdak6TLhnCXXLFpHZ3MSBWDNoubf5TuoNWKjMA==
iEk8FE5jc5vqsoflc7zTUBQp0erlKbNgzVqOF+Q6ueYUV7yon6s/+ucrQ42ywdak6TLhnCXXLFpHZ3MSBWDNoubf5TuoNWKjMA==
JerNP3jnYOcNEGIGBFFlNBUp0erlKbNgzVqOF+Q6ueYUV7yon6s/+ucrQ42ywdak6TLhnCXXLFpHZ3MSBWDNoubf5TuoNWKjMA==
sXlCH6f0mB4QbcvOdPhTXBIp0erlKbNgzVqOF+Q6ueYUV7yon6s/+ucrQ42ywdak6TLhnCXXLFpHZ3MSBWDNoubf5TuoNWKjMA==
XJNqhPdkD2/KfTzN0AcXl2UqpThnjLCcqP3DsQyOvv0tV/SylRAahskgqZfn8cwQWPqwGPkzqjZ1YCYwdtra78XuB6UrbaMx
Yq4YW89DwBsr9SqNR/9e+2oqpThnjLCcqP3DsQyOvv0tV/SylRAahskgqZfn8cwQWPqwGPkzqjZ1YCYwdtra78XuB6UrbaMx
TiuKmoMwkoaF4ANHQxnGr2cqpThnjLCcqP3DsQyOvv0tV/SylRAahskgqZfn8cwQWPqwGPkzqjZ1YCYwdtra78XuB6UrbaMx
y5RIQRRl3W1DRSpAslYgbGQqpThnjLCcqP3DsQyOvv0tV/SylRAahskgqZfn8cwQWPqwGPkzqjZ1YCYwdtra78XuB6UrbaMx
L2jLpgilm2NCiKmpAEC/9mYqpThnjLCcqP3DsQyOvv0tV/SylRAahskgqZfn8cwQWPqwGPkzqjZ1YCYwdtra78XuB6UrbaMx
mmQN0kKSISPGtPcs1ZcfB2EqpThnjLCcqP3DsQyOvv0tV/SylRAahskgqZfn8cwQWPqwGPkzqjZ1YCYwdtra78XuB6UrbaMx
DWIScitdQXLiSYJoFkLvf2MqpThnjLCcqP3DsQyOvv0tV/SylRAahskgqZfn8cwQWPqwGPkzqjZ1YCYwdtra78XuB6UrbaMx
OiuGLNjmIiIX8KJvbvZjf2AqpThnjLCcqP3DsQyOvv0tV/SylRAahskgqZfn8cwQWPqwGPkzqjZ1YCYwdtra78XuB6UrbaMx
MN8apcCJn3AFWm+rqhPjrHUWzbUbCdfN3cDwWOABk2W0Il6ZxctEBg2cmgJBnDkDH51stPAmwOyh/2pyvRz2ZE72ugut8jeRM2GjNQ==
bxIpbQy6J8FX1aviMix6rBQp0enlKbNgzVqOF+Q6ueYUV7yon6s/+ucrQ42ywdak6TLhnCXXLFpHZ3MSBWDNoubf5TuoNWKjMA==
fSuiOl5vc040rCR3tCuhlBIp0enlKbNgzVqOF+Q6ueYUV7yon6s/+ucrQ42ywdak6TLhnCXXLFpHZ3MSBWDNoubf5TuoNWKjMA==
xe6SpTwKcCHkst4TQZLKZmsqpThnjLCcqP3DsQyOvv0tV/SylRAahskgqZfn8cwQWPqwGPkzqjZ1YCYwdtra78XuB6UrbaMx
6ih1pt8voCenx0eNjUgGhBYp0enlKbNgzVqOF+Q6ueYUV7yon6s/+ucrQ42ywdak6TLhnCXXLFpHZ3MSBWDNoubf5TuoNWKjMA==
hPUKIX5I6+cjycfpuyLkUhcp0enlKbNgzVqOF+Q6ueYUV7yon6s/+ucrQ42ywdak6TLhnCXXLFpHZ3MSBWDNoubf5TuoNWKjMA==
85WiM2Au5ooW4AZiKJcsQBUp0enlKbNgzVqOF+Q6ueYUV7yon6s/+ucrQ42ywdak6TLhnCXXLFpHZ3MSBWDNoubf5TuoNWKjMA==
RCbELbkcAid5qUmeqDzhsU7Q68pOYRbVx2tFpvQEMAQYVSPJ3Mb+JV2/1IqFGBqe+QjJb7c5DEiokhCgabsqrsXIxkimkpo3tQYnnTtloyk=
Ot7alTL9raXTbOwx9HHbEV4As7NYLWDWb2cxplD6RO/7vwh0rusRdRzMQVpaQIXS8TlDazxmxHg4ho3ZCpDZMt5+suCKObkML5s/Z6M3
Cj5R0VP6hUQQfZeWsq2M4AdgvJlLAZ/NEcBvPnR/Po4LNmaj5mAl7/26JW95Reg1pHTbBjv037MOemWDCfofVP+yFKv/M5IxYKMy
k+oxdHo/LxDxLH0+GnuaHAdgvJtLAZ/NEcBvPnR/Po4LNmaj5mAl7/26JW95Reg1pHTbBjv037MOemWDCfofVP+yFKv/M5IxYKMy
TDeiggBtLPRJHhWN66xF5gdgvJRLAZ/NEcBvPnR/Po4LNmaj5mAl7/26JW95Reg1pHTbBjv037MOemWDCfofVP+yFKv/M5IxYKMy
9VO1l8KBX91EDli1ffZTTgdgvJpLAZ/NEcBvPnR/Po4LNmaj5mAl7/26JW95Reg1pHTbBjv037MOemWDCfofVP+yFKv/M5IxYKMy
c1ltgdkXfuZAUGFrD/6D5gdgvJhLAZ/NEcBvPnR/Po4LNmaj5mAl7/26JW95Reg1pHTbBjv037MOemWDCfofVP+yFKv/M5IxYKMy
aqDPnYdDJrhSZ9BMzs0GKwdgvJ9LAZ/NEcBvPnR/Po4LNmaj5mAl7/26JW95Reg1pHTbBjv037MOemWDCfofVP+yFKv/M5IxYKMy
YMrfNNqtUzgXeWhPglOFqAdgvJ1LAZ/NEcBvPnR/Po4LNmaj5mAl7/26JW95Reg1pHTbBjv037MOemWDCfofVP+yFKv/M5IxYKMy
aUlSbUTDYIlh5ZYqmPxqrQdgvJ5LAZ/NEcBvPnR/Po4LNmaj5mAl7/26JW95Reg1pHTbBjv037MOemWDCfofVP+yFKv/M5IxYKMy
wRdaFqiyTHzP3WQMkMZvKkWC16drFR616LNSZ1UAK3a4D+I2r9YCO1rwqWd5OqHn9dVUrUAUf75nBJN7yjqhy8XKQ6ybkjCzAyOeOWSjNg==
5mCa9ln18uYMxvxiSLy8CVqx+kifPJNZyHanPHTwpCs591BZNwyE/dZyuDP8LnSgWH4dUYoYSUo+JgIoyvHJ1A+jL2+jPw==
0+krU3bqHf8tsywY0wTUAVqx+kifPJNZyHKlMnTwpCs591BZNwyE/dZyuDP8LnSgWH4dUYoYSUo+JgIoyvHJ1A+jL2+jPw==
Zc7TnftvNDdMxUvZtZNlOJdW/wLJQ/Agt/t9Y47JX////zl11i4dZHk0Y7ZjFLdDhvrtM6FaxyQH8sz7xxO6IWijOg==
5UN93vMRyr8xQkNP8r9rpevsyTFV3vb+VEod3KuHaOUvV2zRBti691NT0Nv1HCQOeI/OXnONXswm1azsQP6gdBFt6eoMhJa8/q56U50qV4kDeaMt
JbV9IU9xW9zvB1srIpXmdzT2+FW7pmre2fVRTaACL1wk9Ctmy7Qv0x14daI5uq/0TzKEC6/zwtEQo0I=
qtiuAX5fb1DJcWJyfaZrmIYgOMJxdxrhIlhu8h+NTGC4inBoGUCoRpQQ5kCWqlqfJZ7H1csdo0E=
wvTv05dXSSFcdT07uHKaONG70I+EsA6KxURPr7Y22NeMyQs5SvgaglyK3HQIqlWWyNwAnm7yKgzq1eHAH7cna6M7
5k5+oWP/luvN2Q1L3PbC01qx+kifPJNZyHKlMnTwpCs591BZNwyE/dZyuDP8LnSgWH4dV4gYSEo+JgIoyvHJ1A+jL2+jPw==
tZxxBnJ0MeLRWZ09Ei8lXO3Gqw31jDM+uon+BXMQWs7wtWUvJQdpky/bDlCkP+wtk6yVAxsnDAn68zVKXpu4hRL0S6ZrNI+T+HhVYlk6zzRvMmRLT3NiEXCjIg==
