bEE2WyNxuRM9PO4VaKrJLmLPxvtPW7qzwF92CWuKiv1VyjIoMoTxGFyNhJJo/WO99dc4sYqNDuQhgrl8TUeS2L/227JdkIViLo8dW4AFeqMo
GJJRAZlDe2mqNyuRD8p/QGm6snsOqb9DlN+s8kn1ClUHXUcIgGUduYylyTfACJ1SGP2jmk0pCBwRXAUtCXRMYTiq38wMsHs32/JOHfJZeG0HUXPCySf3v52Hs03G1UskuRLxXLV3+lgXBuPSFQAdIla/1fsYVVKjAA==
RZabF7LcK2gW95zAKqsGFmm6snsOqb9DlN+s8kn1ClUHXUcIgGUduYylyTfACJ1SGP2jmk0pCBwRXAUtCXRMYTiq38wMsHs32/JOHfJZeG0HUXPCySf3v52Hs03G1UskuRLxXLV3+VgXBuPSFQAdIla/1fsYVVKjAA==
89Vl29IJF7L1wgEpIjw4md/4242Yog+Y1FQMv6lj2N23iAxpRuYQl1yK3HQIqlWRyNwAnm7yKgzq1eHAH7cna6M7
jMMLJTNGUMfNxj7Ek8p+Y03yyBlmTcqzunBCNM4PVKiPjq92x2euFRof7LBgSvXE2t82QIGh4/vcOnykSFo1gcjM4O6uooq8aiWBEF+HB3ujKw==
jQBuaR42VHYDxbnCfX/QHHUWzbUbCdfN3sDwWOABk2W0Il6ZxctEBg2cmgJBnDkDH51stPAmwOyh+2hyvBz2ZE72ugut8jeRM2GjNQ==
9yGS09q8JSXvbWdqklsPV5wFinpShUtEvq4hDSOE/4nRUkElUpK3nMVBh6C58gJnOILtBiBPQPjTQ6t6c0OPXc7Z4sQ9ir1sqX/cGHOOfyLZGBkCkkdZa2QddqMk
RzlWPPlNi3MHU+JaKqBQXV4Ds7NYLWDWb2cyplD6RO/7vwh0rusRdRzMQVpaQIXS8TlDazxmxHg4ho3dCJDYMt5+suCKObkML5s/Z6M3
5H+Yg5DoiDfsWYFCYiOdb2MqpjhnjLCcqP3DsQyOvv0tV/SylRAahskgqZfn8cwQWPqwGPk3qDZ0YCYwdtra78XuB6UrbaMx
ppIhXRPVyOxLhGP3QB48FmAqpjhnjLCcqP3DsQyOvv0tV/SylRAahskgqZfn8cwQWPqwGPk3qDZ0YCYwdtra78XuB6UrbaMx
RcJ6klQnTYwSc03CMiCJP2EqpjhnjLCcqP3DsQyOvv0tV/SylRAahskgqZfn8cwQWPqwGPk3qDZ0YCYwdtra78XuB6UrbaMx
cwo6/MwyUqiUF1556UYTKGYqpjhnjLCcqP3DsQyOvv0tV/SylRAahskgqZfn8cwQWPqwGPk3qDZ0YCYwdtra78XuB6UrbaMx
AbDM5vsxtxeGTROa8RV/cWcqpjhnjLCcqP3DsQyOvv0tV/SylRAahskgqZfn8cwQWPqwGPk3qDZ0YCYwdtra78XuB6UrbaMx
FVxGqK+HBafNEdyPNZV17GQqpjhnjLCcqP3DsQyOvv0tV/SylRAahskgqZfn8cwQWPqwGPk3qDZ0YCYwdtra78XuB6UrbaMx
1VKiRdsr+MR6oB6JCLHHy2UqpjhnjLCcqP3DsQyOvv0tV/SylRAahskgqZfn8cwQWPqwGPk3qDZ0YCYwdtra78XuB6UrbaMx
sTyXLT7dby1dK8RPYTAfUWoqpjhnjLCcqP3DsQyOvv0tV/SylRAahskgqZfn8cwQWPqwGPk3qDZ0YCYwdtra78XuB6UrbaMx
o0sMBdYDAZy/n6ChFh+wAE7Q68pOYhbVx2tFpvQEMAQYVSPJ3Mb+JV2/1IqFGBqe+QjJb7c5DEiokhCgab8orsTIxkimkpo3tQYnnTtloyk=
vf8iWa1FTqB/RgZj8mw7h2sqpjhnjLCcqP3DsQyOvv0tV/SylRAahskgqZfn8cwQWPqwGPk3qDZ0YCYwdtra78XuB6UrbaMx
qL9bjqFmoDDREkNo6wMFUhYp0erlKbNgzVqOF+Q6ueYUV7yon6s/+ucrQ42ywdak6TLhnCXXKFhHZnMSBWDNoubf5TuoNWKjMA==
emz40+4xFuzP5Xax0e8sFRcp0erlKbNgzVqOF+Q6ueYUV7yon6s/+ucrQ42ywdak6TLhnCXXKFhHZnMSBWDNoubf5TuoNWKjMA==
DuNvtNXj0HVzoZELz1naFxQp0erlKbNgzVqOF+Q6ueYUV7yon6s/+ucrQ42ywdak6TLhnCXXKFhHZnMSBWDNoubf5TuoNWKjMA==
6LIW1uoKzIiPC42Zhrql9RUp0erlKbNgzVqOF+Q6ueYUV7yon6s/+ucrQ42ywdak6TLhnCXXKFhHZnMSBWDNoubf5TuoNWKjMA==
FNfOnelob6itMAopBsQvGhIp0erlKbNgzVqOF+Q6ueYUV7yon6s/+ucrQ42ywdak6TLhnCXXKFhHZnMSBWDNoubf5TuoNWKjMA==
El1vFntGbn1WaaohdIHvLGUqpThnjLCcqP3DsQyOvv0tV/SylRAahskgqZfn8cwQWPqwGPk3qDZ0YCYwdtra78XuB6UrbaMx
+GZK9et7wQanMV3YhuphK2oqpThnjLCcqP3DsQyOvv0tV/SylRAahskgqZfn8cwQWPqwGPk3qDZ0YCYwdtra78XuB6UrbaMx
YLahOLAg89F5HxdHN2r+TmcqpThnjLCcqP3DsQyOvv0tV/SylRAahskgqZfn8cwQWPqwGPk3qDZ0YCYwdtra78XuB6UrbaMx
QxOELKNVvhz1jjsz434y72QqpThnjLCcqP3DsQyOvv0tV/SylRAahskgqZfn8cwQWPqwGPk3qDZ0YCYwdtra78XuB6UrbaMx
v593BLsuypgWPNF3Z49GBmYqpThnjLCcqP3DsQyOvv0tV/SylRAahskgqZfn8cwQWPqwGPk3qDZ0YCYwdtra78XuB6UrbaMx
dVRxEViUg4VcKSrK3ORybWEqpThnjLCcqP3DsQyOvv0tV/SylRAahskgqZfn8cwQWPqwGPk3qDZ0YCYwdtra78XuB6UrbaMx
EBXn7DYlS85cipsPz9VRemMqpThnjLCcqP3DsQyOvv0tV/SylRAahskgqZfn8cwQWPqwGPk3qDZ0YCYwdtra78XuB6UrbaMx
ZTGC9vflsuDycnMy8YP3WmAqpThnjLCcqP3DsQyOvv0tV/SylRAahskgqZfn8cwQWPqwGPk3qDZ0YCYwdtra78XuB6UrbaMx
NzM4HtdLr/uBUI9cXMNJI3UWzbUbCdfN3cDwWOABk2W0Il6ZxctEBg2cmgJBnDkDH51stPAmwOyh+2hyvBz2ZE72ugut8jeRM2GjNQ==
GbW420vvJzOQT9vqENE5fxQp0enlKbNgzVqOF+Q6ueYUV7yon6s/+ucrQ42ywdak6TLhnCXXKFhHZnMSBWDNoubf5TuoNWKjMA==
raAd2w43M9vJcrEgcTOHgxIp0enlKbNgzVqOF+Q6ueYUV7yon6s/+ucrQ42ywdak6TLhnCXXKFhHZnMSBWDNoubf5TuoNWKjMA==
mZyS4Y3u14NcoWCSITSSOWsqpThnjLCcqP3DsQyOvv0tV/SylRAahskgqZfn8cwQWPqwGPk3qDZ0YCYwdtra78XuB6UrbaMx
6UB+VFrp5PsMHOH2XzX6lxYp0enlKbNgzVqOF+Q6ueYUV7yon6s/+ucrQ42ywdak6TLhnCXXKFhHZnMSBWDNoubf5TuoNWKjMA==
/8nqac3gxBs1ICVRJUG5vRcp0enlKbNgzVqOF+Q6ueYUV7yon6s/+ucrQ42ywdak6TLhnCXXKFhHZnMSBWDNoubf5TuoNWKjMA==
Pw6TzschjdwJYwV+MSLANxUp0enlKbNgzVqOF+Q6ueYUV7yon6s/+ucrQ42ywdak6TLhnCXXKFhHZnMSBWDNoubf5TuoNWKjMA==
T+BGAQBaJ8pSxRLA62OFc07Q68pOYRbVx2tFpvQEMAQYVSPJ3Mb+JV2/1IqFGBqe+QjJb7c5DEiokhCgab8orsTIxkimkpo3tQYnnTtloyk=
uY27euERM7YRjLaBHTC/ol4As7NYLWDWb2cxplD6RO/7vwh0rusRdRzMQVpaQIXS8TlDazxmxHg4ho3dCJDYMt5+suCKObkML5s/Z6M3
e1GPl4jnvlTOXkDJ6FbwOAdgvJlLAZ/NEcBvPnR/Po4LNmaj5mAl7/26JW95Reg1pHTbBjv037MKeGWCCfofVP+yFKv/M5IxYKMy
jjrwkUP1BtPKs00nQNDQNQdgvJtLAZ/NEcBvPnR/Po4LNmaj5mAl7/26JW95Reg1pHTbBjv037MKeGWCCfofVP+yFKv/M5IxYKMy
vvBJJkUQFdZhjffcV6u/mAdgvJRLAZ/NEcBvPnR/Po4LNmaj5mAl7/26JW95Reg1pHTbBjv037MKeGWCCfofVP+yFKv/M5IxYKMy
tXgzA4YSfYy647ZNKWoZfQdgvJpLAZ/NEcBvPnR/Po4LNmaj5mAl7/26JW95Reg1pHTbBjv037MKeGWCCfofVP+yFKv/M5IxYKMy
WDUoVCaDmBYfa95e4cqYewdgvJhLAZ/NEcBvPnR/Po4LNmaj5mAl7/26JW95Reg1pHTbBjv037MKeGWCCfofVP+yFKv/M5IxYKMy
dPA8F3UEyjhZ/LxNzLSIQQdgvJ9LAZ/NEcBvPnR/Po4LNmaj5mAl7/26JW95Reg1pHTbBjv037MKeGWCCfofVP+yFKv/M5IxYKMy
r1eSMCru1PCdwXbAziWYIwdgvJ1LAZ/NEcBvPnR/Po4LNmaj5mAl7/26JW95Reg1pHTbBjv037MKeGWCCfofVP+yFKv/M5IxYKMy
7msy4j7qK1yaQ20Gs7YJwgdgvJ5LAZ/NEcBvPnR/Po4LNmaj5mAl7/26JW95Reg1pHTbBjv037MKeGWCCfofVP+yFKv/M5IxYKMy
aFwFg3A86dRjexbS0cYY7kWC16drFR616LNSZ1UAK3a4D+I2r9YCO1rwqWd5OqHn9dVUrUAUf75nBJN7zjihysXKQ6ybkjCzAyOeOWSjNg==
387J3H2Edmsbb6nf41Un2lqx+kifPJNZyHanPHTwpCs591BZNwyE/dZyuDP8LnSgWH4dVYgYSEo+JgIoyvHJ1A+jL2+jPw==
GwtUV2GplCgpgZJfWV9txlqx+kifPJNZyHKlMnTwpCs591BZNwyE/dZyuDP8LnSgWH4dVYgYSEo+JgIoyvHJ1A+jL2+jPw==
q79H6RnpzbdQV1983BIb6ZdW/wLJQ/Agt/t9Y47JX////zl11i4dZHk0Y7ZjFLdDgvjtMqFaxyQH8sz7xxO6IWijOg==
